2024-12-13 06:12:35,708 file.manager INFO 2.0.2
2024-12-13 06:12:35,709 file.manager INFO Copyright (C) 2003-2024, Noriaki Ando and OpenRTM development team,
2024-12-13 06:12:35,709 file.manager INFO   Intelligent Systems Research Institute, AIST,
2024-12-13 06:12:35,709 file.manager INFO Copyright (C) 2024, Noriaki Ando and OpenRTM development team,
2024-12-13 06:12:35,709 file.manager INFO   Industrial Cyber-Physical Research Center, AIST,
2024-12-13 06:12:35,709 file.manager INFO   All right reserved.
2024-12-13 06:12:35,709 file.manager INFO Manager starting.
2024-12-13 06:12:35,710 file.manager INFO Starting local logging.
2024-12-13 06:12:35,715 file.manager.namingmanager INFO NameServer connection succeeded: corba/localhost
2024-12-13 06:12:35,731 file.ManagerServant INFO Master manager not found
2024-12-13 06:12:35,734 file.LocalServiceAdmin INFO All the local services are enabled.
2024-12-13 06:12:35,746 file.manager INFO Component type conf file: env_analysis.conf loaded.
2024-12-13 06:12:35,750 file.ec_base INFO setRate(1000000.000000) done
2024-12-13 06:12:35,751 file.ec_base INFO setRate(1000.000000) done
2024-12-13 06:12:35,752 file.rtobject INFO 1 execution context was created.
2024-12-13 06:12:35,758 file.rtobject INFO Initial active configuration set is default.
2024-12-13 06:12:41,280 file.SdoServiceAdmin WARNING No available SDO service in the factory: 
2024-12-13 06:12:41,280 file.SdoServiceAdmin ERROR type  not exists.
2024-12-13 06:12:45,811 file.ManagerServant INFO Master manager not found
2024-12-13 06:12:55,873 file.ManagerServant INFO Master manager not found
2024-12-13 06:13:05,918 file.ManagerServant INFO Master manager not found
