Nov 01 01:12:00.892 INFO: manager: 2.0.2
Nov 01 01:12:00.892 INFO: manager: Copyright (C) 2003-2024, Noriaki Ando and OpenRTM development team,
Nov 01 01:12:00.892 INFO: manager:   Intelligent Systems Research Institute, AIST,
Nov 01 01:12:00.892 INFO: manager: Copyright (C) 2024, Noriaki Ando and OpenRTM development team,
Nov 01 01:12:00.892 INFO: manager:   Industrial Cyber-Physical Research Center, AIST,
Nov 01 01:12:00.892 INFO: manager:   All right reserved.
Nov 01 01:12:00.892 INFO: manager: Manager starting.
Nov 01 01:12:00.892 INFO: manager: Starting local logging.
Nov 01 01:12:00.907 WARNING: NamingOnCorba: No endpoint for the CORBA naming service (localhost) was found.
Nov 01 01:12:00.907 INFO: NamingManager: NameServer connection succeeded: corba/localhost
Nov 01 01:12:00.908 INFO: ManagerServant: Named manager reference (INS) was successfully created.
Nov 01 01:12:00.909 WARNING: ManagerServant: Master manager not found
Nov 01 01:12:00.912 INFO: LocalServiceAdmin: All the local services are enabled.
Nov 01 01:12:00.913 INFO: ec_base: setRate(1000000.000000) done
Nov 01 01:12:00.914 INFO: ec_base: setRate(1000.000000) done
Nov 01 01:12:00.914 INFO: Avoid_Module0: 1 execution context was created.
Nov 01 01:12:00.919 INFO: Avoid_Module0: Initial active configuration set is default.
Nov 01 01:12:10.932 INFO: ManagerServant: Master manager not found
Nov 01 01:12:20.942 INFO: ManagerServant: Master manager not found
Nov 01 01:12:30.960 INFO: ManagerServant: Master manager not found
Nov 01 01:12:40.968 INFO: ManagerServant: Master manager not found
Nov 01 01:12:50.976 INFO: ManagerServant: Master manager not found
Nov 01 01:13:00.985 INFO: ManagerServant: Master manager not found
Nov 01 01:13:10.996 INFO: ManagerServant: Master manager not found
Nov 01 01:13:21.004 INFO: ManagerServant: Master manager not found
Nov 01 01:13:31.011 INFO: ManagerServant: Master manager not found
Nov 01 01:13:41.020 INFO: ManagerServant: Master manager not found
Nov 01 01:13:51.028 INFO: ManagerServant: Master manager not found
Nov 01 01:14:01.036 INFO: ManagerServant: Master manager not found
Nov 01 01:14:05.754 INFO: ec_base: setRate(1000.000000) done
Nov 01 01:14:11.045 INFO: ManagerServant: Master manager not found
Nov 01 01:14:16.813 WARNING: in_distance_right: buffer empty
Nov 01 01:14:21.054 INFO: ManagerServant: Master manager not found
Nov 01 01:14:31.083 INFO: ManagerServant: Master manager not found
Nov 01 01:14:41.093 INFO: ManagerServant: Master manager not found
Nov 01 01:14:51.108 INFO: ManagerServant: Master manager not found
Nov 01 01:15:01.119 INFO: ManagerServant: Master manager not found
Nov 01 01:15:11.132 INFO: ManagerServant: Master manager not found
Nov 01 01:15:21.147 INFO: ManagerServant: Master manager not found
Nov 01 01:15:31.155 INFO: ManagerServant: Master manager not found
Nov 01 01:15:41.166 INFO: ManagerServant: Master manager not found
Nov 01 01:15:51.176 INFO: ManagerServant: Master manager not found
Nov 01 01:16:01.186 INFO: ManagerServant: Master manager not found
Nov 01 01:16:11.197 INFO: ManagerServant: Master manager not found
Nov 01 01:16:21.207 INFO: ManagerServant: Master manager not found
Nov 01 01:16:31.217 INFO: ManagerServant: Master manager not found
Nov 01 01:16:41.226 INFO: ManagerServant: Master manager not found
