Oct 31 12:57:05.208 INFO: manager: 2.0.2
Oct 31 12:57:05.208 INFO: manager: Copyright (C) 2003-2024, Noriaki Ando and OpenRTM development team,
Oct 31 12:57:05.208 INFO: manager:   Intelligent Systems Research Institute, AIST,
Oct 31 12:57:05.208 INFO: manager: Copyright (C) 2024, Noriaki Ando and OpenRTM development team,
Oct 31 12:57:05.208 INFO: manager:   Industrial Cyber-Physical Research Center, AIST,
Oct 31 12:57:05.208 INFO: manager:   All right reserved.
Oct 31 12:57:05.208 INFO: manager: Manager starting.
Oct 31 12:57:05.208 INFO: manager: Starting local logging.
Oct 31 12:57:05.223 WARNING: NamingOnCorba: No endpoint for the CORBA naming service (localhost) was found.
Oct 31 12:57:05.223 INFO: NamingManager: NameServer connection succeeded: corba/localhost
Oct 31 12:57:05.224 INFO: ManagerServant: Named manager reference (INS) was successfully created.
Oct 31 12:57:05.226 WARNING: ManagerServant: Master manager not found
Oct 31 12:57:05.228 INFO: LocalServiceAdmin: All the local services are enabled.
Oct 31 12:57:05.230 INFO: ec_base: setRate(1000000.000000) done
Oct 31 12:57:05.230 INFO: ec_base: setRate(1000.000000) done
Oct 31 12:57:05.230 INFO: Avoid_Module0: 1 execution context was created.
Oct 31 12:57:05.235 INFO: Avoid_Module0: Initial active configuration set is default.
Oct 31 12:57:13.947 WARNING: SdoServiceAdmin: No available SDO service in the factory: 
Oct 31 12:57:15.247 INFO: ManagerServant: Master manager not found
Oct 31 12:57:25.254 INFO: ManagerServant: Master manager not found
