Oct 31 13:40:05.698 INFO: manager: 2.0.2
Oct 31 13:40:05.698 INFO: manager: Copyright (C) 2003-2024, Noriaki Ando and OpenRTM development team,
Oct 31 13:40:05.698 INFO: manager:   Intelligent Systems Research Institute, AIST,
Oct 31 13:40:05.698 INFO: manager: Copyright (C) 2024, Noriaki Ando and OpenRTM development team,
Oct 31 13:40:05.698 INFO: manager:   Industrial Cyber-Physical Research Center, AIST,
Oct 31 13:40:05.698 INFO: manager:   All right reserved.
Oct 31 13:40:05.698 INFO: manager: Manager starting.
Oct 31 13:40:05.698 INFO: manager: Starting local logging.
Oct 31 13:40:05.712 WARNING: NamingOnCorba: No endpoint for the CORBA naming service (localhost) was found.
Oct 31 13:40:05.712 INFO: NamingManager: NameServer connection succeeded: corba/localhost
Oct 31 13:40:05.713 INFO: ManagerServant: Named manager reference (INS) was successfully created.
Oct 31 13:40:05.714 WARNING: ManagerServant: Master manager not found
Oct 31 13:40:05.717 INFO: LocalServiceAdmin: All the local services are enabled.
Oct 31 13:40:05.718 INFO: ec_base: setRate(1000000.000000) done
Oct 31 13:40:05.719 INFO: ec_base: setRate(1000.000000) done
Oct 31 13:40:05.719 INFO: Avoid_Module0: 1 execution context was created.
Oct 31 13:40:05.724 INFO: Avoid_Module0: Initial active configuration set is default.
Oct 31 13:40:15.738 INFO: ManagerServant: Master manager not found
Oct 31 13:40:25.747 INFO: ManagerServant: Master manager not found
Oct 31 13:40:35.754 INFO: ManagerServant: Master manager not found
Oct 31 13:40:36.409 INFO: ec_base: setRate(1000.000000) done
Oct 31 13:40:45.762 INFO: ManagerServant: Master manager not found
Oct 31 13:40:45.950 WARNING: in_distance_right: buffer empty
Oct 31 13:40:55.772 INFO: ManagerServant: Master manager not found
Oct 31 13:41:05.781 INFO: ManagerServant: Master manager not found
Oct 31 13:41:15.789 INFO: ManagerServant: Master manager not found
Oct 31 13:41:25.798 INFO: ManagerServant: Master manager not found
