Oct 31 13:47:46.597 INFO: manager: 2.0.2
Oct 31 13:47:46.597 INFO: manager: Copyright (C) 2003-2024, Noriaki Ando and OpenRTM development team,
Oct 31 13:47:46.597 INFO: manager:   Intelligent Systems Research Institute, AIST,
Oct 31 13:47:46.597 INFO: manager: Copyright (C) 2024, Noriaki Ando and OpenRTM development team,
Oct 31 13:47:46.597 INFO: manager:   Industrial Cyber-Physical Research Center, AIST,
Oct 31 13:47:46.597 INFO: manager:   All right reserved.
Oct 31 13:47:46.597 INFO: manager: Manager starting.
Oct 31 13:47:46.597 INFO: manager: Starting local logging.
Oct 31 13:47:46.613 WARNING: NamingOnCorba: No endpoint for the CORBA naming service (localhost) was found.
Oct 31 13:47:46.613 INFO: NamingManager: NameServer connection succeeded: corba/localhost
Oct 31 13:47:46.615 INFO: ManagerServant: Named manager reference (INS) was successfully created.
Oct 31 13:47:46.616 WARNING: ManagerServant: Master manager not found
Oct 31 13:47:46.619 INFO: LocalServiceAdmin: All the local services are enabled.
Oct 31 13:47:46.621 INFO: ec_base: setRate(1000000.000000) done
Oct 31 13:47:46.621 INFO: ec_base: setRate(1000.000000) done
Oct 31 13:47:46.621 INFO: Avoid_Module0: 1 execution context was created.
Oct 31 13:47:46.627 INFO: Avoid_Module0: Initial active configuration set is default.
Oct 31 13:47:56.643 INFO: ManagerServant: Master manager not found
Oct 31 13:48:01.462 INFO: ec_base: setRate(1000.000000) done
Oct 31 13:48:06.714 INFO: ManagerServant: Master manager not found
Oct 31 13:48:06.869 WARNING: in_distance_right: buffer empty
Oct 31 13:48:16.723 INFO: ManagerServant: Master manager not found
Oct 31 13:48:26.732 INFO: ManagerServant: Master manager not found
Oct 31 13:48:36.742 INFO: ManagerServant: Master manager not found
Oct 31 13:48:46.751 INFO: ManagerServant: Master manager not found
Oct 31 13:48:56.761 INFO: ManagerServant: Master manager not found
