Oct 17 01:17:28.682 INFO: manager: 2.0.2
Oct 17 01:17:28.682 INFO: manager: Copyright (C) 2003-2024, Noriaki Ando and OpenRTM development team,
Oct 17 01:17:28.682 INFO: manager:   Intelligent Systems Research Institute, AIST,
Oct 17 01:17:28.682 INFO: manager: Copyright (C) 2024, Noriaki Ando and OpenRTM development team,
Oct 17 01:17:28.682 INFO: manager:   Industrial Cyber-Physical Research Center, AIST,
Oct 17 01:17:28.682 INFO: manager:   All right reserved.
Oct 17 01:17:28.682 INFO: manager: Manager starting.
Oct 17 01:17:28.682 INFO: manager: Starting local logging.
Oct 17 01:17:28.714 WARNING: NamingOnCorba: No endpoint for the CORBA naming service (localhost) was found.
Oct 17 01:17:28.714 INFO: NamingManager: NameServer connection succeeded: corba/localhost
Oct 17 01:17:28.717 INFO: ManagerServant: Named manager reference (INS) was successfully created.
Oct 17 01:17:28.719 WARNING: ManagerServant: Master manager not found
Oct 17 01:17:28.725 INFO: LocalServiceAdmin: All the local services are enabled.
Oct 17 01:17:28.729 INFO: ec_base: setRate(1000000.000000) done
Oct 17 01:17:28.729 INFO: ec_base: setRate(1000.000000) done
Oct 17 01:17:28.729 INFO: left_wheel0: 1 execution context was created.
Oct 17 01:17:28.731 INFO: left_wheel0: Initial active configuration set is default.
Oct 17 01:17:38.746 INFO: ManagerServant: Master manager not found
Oct 17 01:17:48.755 INFO: ManagerServant: Master manager not found
Oct 17 01:17:57.120 WARNING: SdoServiceAdmin: No available SDO service in the factory: 
Oct 17 01:17:58.766 INFO: ManagerServant: Master manager not found
Oct 17 01:18:08.776 INFO: ManagerServant: Master manager not found
Oct 17 01:18:18.785 INFO: ManagerServant: Master manager not found
Oct 17 01:18:28.797 INFO: ManagerServant: Master manager not found
Oct 17 01:18:38.807 INFO: ManagerServant: Master manager not found
Oct 17 01:18:48.817 INFO: ManagerServant: Master manager not found
Oct 17 01:18:58.828 INFO: ManagerServant: Master manager not found
Oct 17 01:19:08.838 INFO: ManagerServant: Master manager not found
Oct 17 01:19:18.848 INFO: ManagerServant: Master manager not found
Oct 17 01:19:28.858 INFO: ManagerServant: Master manager not found
Oct 17 01:19:38.868 INFO: ManagerServant: Master manager not found
Oct 17 01:19:48.878 INFO: ManagerServant: Master manager not found
Oct 17 01:19:58.888 INFO: ManagerServant: Master manager not found
Oct 17 01:20:08.898 INFO: ManagerServant: Master manager not found
Oct 17 01:20:18.908 INFO: ManagerServant: Master manager not found
Oct 17 01:20:28.917 INFO: ManagerServant: Master manager not found
Oct 17 01:20:38.927 INFO: ManagerServant: Master manager not found
Oct 17 01:20:48.938 INFO: ManagerServant: Master manager not found
Oct 17 01:20:58.948 INFO: ManagerServant: Master manager not found
Oct 17 01:21:08.958 INFO: ManagerServant: Master manager not found
Oct 17 01:21:18.969 INFO: ManagerServant: Master manager not found
Oct 17 01:21:28.978 INFO: ManagerServant: Master manager not found
Oct 17 01:21:38.988 INFO: ManagerServant: Master manager not found
Oct 17 01:21:48.999 INFO: ManagerServant: Master manager not found
Oct 17 01:21:59.008 INFO: ManagerServant: Master manager not found
Oct 17 01:22:09.019 INFO: ManagerServant: Master manager not found
Oct 17 01:22:19.025 INFO: ManagerServant: Master manager not found
Oct 17 01:22:29.032 INFO: ManagerServant: Master manager not found
Oct 17 01:22:39.042 INFO: ManagerServant: Master manager not found
