2024-10-22 09:13:50,163 file.manager INFO 2.0.2
2024-10-22 09:13:50,164 file.manager INFO Copyright (C) 2003-2024, Noriaki Ando and OpenRTM development team,
2024-10-22 09:13:50,164 file.manager INFO   Intelligent Systems Research Institute, AIST,
2024-10-22 09:13:50,165 file.manager INFO Copyright (C) 2024, Noriaki Ando and OpenRTM development team,
2024-10-22 09:13:50,165 file.manager INFO   Industrial Cyber-Physical Research Center, AIST,
2024-10-22 09:13:50,165 file.manager INFO   All right reserved.
2024-10-22 09:13:50,165 file.manager INFO Manager starting.
2024-10-22 09:13:50,166 file.manager INFO Starting local logging.
2024-10-22 09:13:50,171 file.manager.namingmanager INFO NameServer connection succeeded: corba/localhost
2024-10-22 09:13:50,184 file.ManagerServant INFO Master manager not found
2024-10-22 09:13:50,187 file.LocalServiceAdmin INFO All the local services are enabled.
2024-10-22 09:13:50,197 file.manager INFO Component type conf file: mpu6050.conf loaded.
2024-10-22 09:13:50,201 file.ec_base INFO setRate(1000000.000000) done
2024-10-22 09:13:50,202 file.ec_base INFO setRate(1000.000000) done
2024-10-22 09:13:50,204 file.rtobject INFO 1 execution context was created.
2024-10-22 09:13:50,207 file.rtobject INFO Initial active configuration set is default.
2024-10-22 09:14:00,252 file.ManagerServant INFO Master manager not found
2024-10-22 09:14:10,291 file.ManagerServant INFO Master manager not found
2024-10-22 09:14:20,392 file.ManagerServant INFO Master manager not found
2024-10-22 09:14:24,906 file.out ERROR Invalid connector id: 9ffb919a-904d-11ef-b652-e45f01b24f7f
2024-10-22 09:14:30,480 file.ManagerServant INFO Master manager not found
2024-10-22 09:14:40,492 file.ManagerServant INFO Master manager not found
2024-10-22 09:14:50,585 file.ManagerServant INFO Master manager not found
2024-10-22 09:15:00,585 file.ManagerServant INFO Master manager not found
2024-10-22 09:15:10,661 file.ManagerServant INFO Master manager not found
2024-10-22 09:15:20,726 file.ManagerServant INFO Master manager not found
2024-10-22 09:15:30,818 file.ManagerServant INFO Master manager not found
2024-10-22 09:15:40,880 file.ManagerServant INFO Master manager not found
2024-10-22 09:15:48,022 file.ec_worker ERROR State of the RTC is not INACTIVE_STATE.
2024-10-22 09:15:50,902 file.ManagerServant INFO Master manager not found
2024-10-22 09:15:54,105 file.rtobject ERROR Traceback (most recent call last):
  File "/usr/lib/python3/dist-packages/OpenRTM_aist/DataFlowComponentBase.py", line 123, in on_execute
    ret = self.onExecute(ec_id)
  File "/home/takumi/RTComponent/corba_comp/mpu6050/mpu6050.py", line 448, in onExecute
    self._outOut.write()
  File "/usr/lib/python3/dist-packages/OpenRTM_aist/OutPort.py", line 199, in write
    self.disconnect(con.id())
  File "/usr/lib/python3/dist-packages/OpenRTM_aist/PortBase.py", line 867, in disconnect
    if not prof.ports:
AttributeError: 'NoneType' object has no attribute 'ports'

2024-10-22 09:16:00,929 file.ManagerServant INFO Master manager not found
2024-10-22 09:16:10,969 file.ManagerServant INFO Master manager not found
2024-10-22 09:16:21,006 file.ManagerServant INFO Master manager not found
2024-10-22 09:16:31,044 file.ManagerServant INFO Master manager not found
2024-10-22 09:16:41,083 file.ManagerServant INFO Master manager not found
2024-10-22 09:16:51,137 file.ManagerServant INFO Master manager not found
2024-10-22 09:17:01,186 file.ManagerServant INFO Master manager not found
2024-10-22 09:17:11,222 file.ManagerServant INFO Master manager not found
2024-10-22 09:17:21,259 file.ManagerServant INFO Master manager not found
2024-10-22 09:17:31,306 file.ManagerServant INFO Master manager not found
2024-10-22 09:17:41,345 file.ManagerServant INFO Master manager not found
2024-10-22 09:17:51,383 file.ManagerServant INFO Master manager not found
2024-10-22 09:18:01,419 file.ManagerServant INFO Master manager not found
2024-10-22 09:18:11,458 file.ManagerServant INFO Master manager not found
2024-10-22 09:18:21,495 file.ManagerServant INFO Master manager not found
2024-10-22 09:18:31,535 file.ManagerServant INFO Master manager not found
2024-10-22 09:18:38,559 file.SdoServiceAdmin WARNING No available SDO service in the factory: 
2024-10-22 09:18:38,560 file.SdoServiceAdmin ERROR type  not exists.
2024-10-22 09:18:41,573 file.ManagerServant INFO Master manager not found
2024-10-22 09:18:51,612 file.ManagerServant INFO Master manager not found
2024-10-22 09:18:59,820 file.ec_worker ERROR State of the RTC is not ACTIVE_STATE.
2024-10-22 09:19:01,670 file.ManagerServant INFO Master manager not found
2024-10-22 09:19:11,710 file.ManagerServant INFO Master manager not found
2024-10-22 09:19:21,750 file.ManagerServant INFO Master manager not found
2024-10-22 09:19:31,789 file.ManagerServant INFO Master manager not found
2024-10-22 09:19:41,829 file.ManagerServant INFO Master manager not found
2024-10-22 09:19:51,873 file.ManagerServant INFO Master manager not found
2024-10-22 09:20:01,911 file.ManagerServant INFO Master manager not found
2024-10-22 09:20:11,950 file.ManagerServant INFO Master manager not found
2024-10-22 09:20:21,988 file.ManagerServant INFO Master manager not found
2024-10-22 09:20:32,029 file.ManagerServant INFO Master manager not found
2024-10-22 09:20:42,067 file.ManagerServant INFO Master manager not found
2024-10-22 09:20:52,108 file.ManagerServant INFO Master manager not found
2024-10-22 09:21:02,147 file.ManagerServant INFO Master manager not found
2024-10-22 09:21:12,198 file.ManagerServant INFO Master manager not found
2024-10-22 09:21:22,235 file.ManagerServant INFO Master manager not found
2024-10-22 09:21:32,272 file.ManagerServant INFO Master manager not found
2024-10-22 09:21:42,312 file.ManagerServant INFO Master manager not found
2024-10-22 09:21:52,357 file.ManagerServant INFO Master manager not found
2024-10-22 09:22:02,398 file.ManagerServant INFO Master manager not found
2024-10-22 09:22:12,436 file.ManagerServant INFO Master manager not found
2024-10-22 09:22:22,474 file.ManagerServant INFO Master manager not found
2024-10-22 09:22:32,512 file.ManagerServant INFO Master manager not found
2024-10-22 09:22:42,575 file.ManagerServant INFO Master manager not found
2024-10-22 09:22:52,635 file.ManagerServant INFO Master manager not found
2024-10-22 09:23:02,662 file.ManagerServant INFO Master manager not found
2024-10-22 09:23:12,689 file.ManagerServant INFO Master manager not found
2024-10-22 09:23:22,754 file.ManagerServant INFO Master manager not found
2024-10-22 09:23:32,859 file.ManagerServant INFO Master manager not found
2024-10-22 09:23:42,872 file.ManagerServant INFO Master manager not found
