2024-10-21 04:23:37,964 file.manager INFO 2.0.2
2024-10-21 04:23:38,005 file.manager INFO Copyright (C) 2003-2024, Noriaki Ando and OpenRTM development team,
2024-10-21 04:23:38,005 file.manager INFO   Intelligent Systems Research Institute, AIST,
2024-10-21 04:23:38,005 file.manager INFO Copyright (C) 2024, Noriaki Ando and OpenRTM development team,
2024-10-21 04:23:38,005 file.manager INFO   Industrial Cyber-Physical Research Center, AIST,
2024-10-21 04:23:38,006 file.manager INFO   All right reserved.
2024-10-21 04:23:38,006 file.manager INFO Manager starting.
2024-10-21 04:23:38,006 file.manager INFO Starting local logging.
2024-10-21 04:23:38,011 file.manager.namingmanager INFO NameServer connection succeeded: corba/localhost
2024-10-21 04:23:38,024 file.ManagerServant INFO Master manager not found
2024-10-21 04:23:38,027 file.LocalServiceAdmin INFO All the local services are enabled.
2024-10-21 04:23:38,036 file.manager INFO Component type conf file: mpu6050.conf loaded.
2024-10-21 04:23:38,040 file.ec_base INFO setRate(1000000.000000) done
2024-10-21 04:23:38,041 file.ec_base INFO setRate(1000.000000) done
2024-10-21 04:23:38,043 file.rtobject INFO 1 execution context was created.
2024-10-21 04:23:38,046 file.rtobject INFO Initial active configuration set is default.
2024-10-21 04:23:48,140 file.ManagerServant INFO Master manager not found
2024-10-21 04:23:58,184 file.ManagerServant INFO Master manager not found
2024-10-21 04:24:08,226 file.ManagerServant INFO Master manager not found
2024-10-21 04:24:18,264 file.ManagerServant INFO Master manager not found
2024-10-21 04:24:28,304 file.ManagerServant INFO Master manager not found
2024-10-21 04:24:38,344 file.ManagerServant INFO Master manager not found
2024-10-21 04:24:48,383 file.ManagerServant INFO Master manager not found
2024-10-21 04:24:58,422 file.ManagerServant INFO Master manager not found
2024-10-21 04:25:08,460 file.ManagerServant INFO Master manager not found
2024-10-21 04:25:18,498 file.ManagerServant INFO Master manager not found
2024-10-21 04:25:28,536 file.ManagerServant INFO Master manager not found
2024-10-21 04:25:38,575 file.ManagerServant INFO Master manager not found
2024-10-21 04:25:48,612 file.ManagerServant INFO Master manager not found
2024-10-21 04:25:58,649 file.ManagerServant INFO Master manager not found
2024-10-21 04:26:08,689 file.ManagerServant INFO Master manager not found
2024-10-21 04:26:18,726 file.ManagerServant INFO Master manager not found
2024-10-21 04:26:28,765 file.ManagerServant INFO Master manager not found
2024-10-21 04:26:38,802 file.ManagerServant INFO Master manager not found
2024-10-21 04:26:48,844 file.ManagerServant INFO Master manager not found
2024-10-21 04:26:58,883 file.ManagerServant INFO Master manager not found
2024-10-21 04:27:08,924 file.ManagerServant INFO Master manager not found
2024-10-21 04:27:18,963 file.ManagerServant INFO Master manager not found
2024-10-21 04:27:29,000 file.ManagerServant INFO Master manager not found
2024-10-21 04:27:39,048 file.ManagerServant INFO Master manager not found
2024-10-21 04:27:49,086 file.ManagerServant INFO Master manager not found
2024-10-21 04:27:59,126 file.ManagerServant INFO Master manager not found
2024-10-21 04:28:09,162 file.ManagerServant INFO Master manager not found
2024-10-21 04:28:19,200 file.ManagerServant INFO Master manager not found
2024-10-21 04:28:29,240 file.ManagerServant INFO Master manager not found
2024-10-21 04:28:39,277 file.ManagerServant INFO Master manager not found
2024-10-21 04:28:49,316 file.ManagerServant INFO Master manager not found
2024-10-21 04:28:59,357 file.ManagerServant INFO Master manager not found
2024-10-21 04:29:09,395 file.ManagerServant INFO Master manager not found
2024-10-21 04:29:19,434 file.ManagerServant INFO Master manager not found
2024-10-21 04:29:29,473 file.ManagerServant INFO Master manager not found
2024-10-21 04:29:39,514 file.ManagerServant INFO Master manager not found
2024-10-21 04:29:49,554 file.ManagerServant INFO Master manager not found
2024-10-21 04:29:59,593 file.ManagerServant INFO Master manager not found
2024-10-21 04:30:09,632 file.ManagerServant INFO Master manager not found
2024-10-21 04:30:19,640 file.ManagerServant INFO Master manager not found
2024-10-21 04:30:29,679 file.ManagerServant INFO Master manager not found
2024-10-21 04:30:39,717 file.ManagerServant INFO Master manager not found
2024-10-21 04:30:49,757 file.ManagerServant INFO Master manager not found
2024-10-21 04:30:59,794 file.ManagerServant INFO Master manager not found
2024-10-21 04:31:09,836 file.ManagerServant INFO Master manager not found
2024-10-21 04:31:19,875 file.ManagerServant INFO Master manager not found
2024-10-21 04:31:29,914 file.ManagerServant INFO Master manager not found
2024-10-21 04:31:39,953 file.ManagerServant INFO Master manager not found
2024-10-21 04:31:50,029 file.ManagerServant INFO Master manager not found
2024-10-21 04:32:00,060 file.ManagerServant INFO Master manager not found
2024-10-21 04:32:10,149 file.ManagerServant INFO Master manager not found
2024-10-21 04:32:20,193 file.ManagerServant INFO Master manager not found
2024-10-21 04:32:30,239 file.ManagerServant INFO Master manager not found
2024-10-21 04:32:40,279 file.ManagerServant INFO Master manager not found
2024-10-21 04:32:50,321 file.ManagerServant INFO Master manager not found
2024-10-21 04:33:00,362 file.ManagerServant INFO Master manager not found
2024-10-21 04:33:10,402 file.ManagerServant INFO Master manager not found
2024-10-21 04:33:20,440 file.ManagerServant INFO Master manager not found
2024-10-21 04:33:30,477 file.ManagerServant INFO Master manager not found
2024-10-21 04:33:40,536 file.ManagerServant INFO Master manager not found
2024-10-21 04:33:50,573 file.ManagerServant INFO Master manager not found
2024-10-21 04:34:00,612 file.ManagerServant INFO Master manager not found
2024-10-21 04:34:10,650 file.ManagerServant INFO Master manager not found
2024-10-21 04:34:20,701 file.ManagerServant INFO Master manager not found
2024-10-21 04:34:30,702 file.ManagerServant INFO Master manager not found
2024-10-21 04:34:40,728 file.ManagerServant INFO Master manager not found
2024-10-21 04:34:50,773 file.ManagerServant INFO Master manager not found
2024-10-21 04:35:00,814 file.ManagerServant INFO Master manager not found
2024-10-21 04:35:10,853 file.ManagerServant INFO Master manager not found
2024-10-21 04:35:20,949 file.ManagerServant INFO Master manager not found
2024-10-21 04:35:30,988 file.ManagerServant INFO Master manager not found
2024-10-21 04:35:41,059 file.ManagerServant INFO Master manager not found
2024-10-21 04:35:51,100 file.ManagerServant INFO Master manager not found
2024-10-21 04:36:01,141 file.ManagerServant INFO Master manager not found
2024-10-21 04:36:11,180 file.ManagerServant INFO Master manager not found
2024-10-21 04:36:21,222 file.ManagerServant INFO Master manager not found
2024-10-21 04:36:31,262 file.ManagerServant INFO Master manager not found
2024-10-21 04:36:41,302 file.ManagerServant INFO Master manager not found
2024-10-21 04:36:51,345 file.ManagerServant INFO Master manager not found
2024-10-21 04:37:01,387 file.ManagerServant INFO Master manager not found
2024-10-21 04:37:11,433 file.ManagerServant INFO Master manager not found
2024-10-21 04:37:21,471 file.ManagerServant INFO Master manager not found
2024-10-21 04:37:31,511 file.ManagerServant INFO Master manager not found
2024-10-21 04:37:41,552 file.ManagerServant INFO Master manager not found
2024-10-21 04:37:51,590 file.ManagerServant INFO Master manager not found
2024-10-21 04:38:01,630 file.ManagerServant INFO Master manager not found
2024-10-21 04:38:11,669 file.ManagerServant INFO Master manager not found
2024-10-21 04:38:21,711 file.ManagerServant INFO Master manager not found
2024-10-21 04:38:31,752 file.ManagerServant INFO Master manager not found
2024-10-21 04:38:41,790 file.ManagerServant INFO Master manager not found
2024-10-21 04:38:51,832 file.ManagerServant INFO Master manager not found
2024-10-21 04:39:01,873 file.ManagerServant INFO Master manager not found
2024-10-21 04:39:11,913 file.ManagerServant INFO Master manager not found
2024-10-21 04:39:21,954 file.ManagerServant INFO Master manager not found
2024-10-21 04:39:31,993 file.ManagerServant INFO Master manager not found
2024-10-21 04:39:42,031 file.ManagerServant INFO Master manager not found
2024-10-21 04:39:52,070 file.ManagerServant INFO Master manager not found
2024-10-21 04:40:02,111 file.ManagerServant INFO Master manager not found
2024-10-21 04:40:12,149 file.ManagerServant INFO Master manager not found
2024-10-21 04:40:22,191 file.ManagerServant INFO Master manager not found
2024-10-21 04:40:32,228 file.ManagerServant INFO Master manager not found
2024-10-21 04:40:42,270 file.ManagerServant INFO Master manager not found
2024-10-21 04:40:52,330 file.ManagerServant INFO Master manager not found
2024-10-21 04:41:02,370 file.ManagerServant INFO Master manager not found
2024-10-21 04:41:12,421 file.ManagerServant INFO Master manager not found
2024-10-21 04:41:22,455 file.ManagerServant INFO Master manager not found
2024-10-21 04:41:32,493 file.ManagerServant INFO Master manager not found
2024-10-21 04:41:42,532 file.ManagerServant INFO Master manager not found
2024-10-21 04:41:52,569 file.ManagerServant INFO Master manager not found
2024-10-21 04:42:02,606 file.ManagerServant INFO Master manager not found
2024-10-21 04:42:12,649 file.ManagerServant INFO Master manager not found
2024-10-21 04:42:22,688 file.ManagerServant INFO Master manager not found
2024-10-21 04:42:32,726 file.ManagerServant INFO Master manager not found
2024-10-21 04:42:42,764 file.ManagerServant INFO Master manager not found
2024-10-21 04:42:52,804 file.ManagerServant INFO Master manager not found
2024-10-21 04:43:02,843 file.ManagerServant INFO Master manager not found
2024-10-21 04:43:12,882 file.ManagerServant INFO Master manager not found
2024-10-21 04:43:22,920 file.ManagerServant INFO Master manager not found
2024-10-21 04:43:32,965 file.ManagerServant INFO Master manager not found
2024-10-21 04:43:43,005 file.ManagerServant INFO Master manager not found
2024-10-21 04:43:53,043 file.ManagerServant INFO Master manager not found
2024-10-21 04:44:03,082 file.ManagerServant INFO Master manager not found
2024-10-21 04:44:13,122 file.ManagerServant INFO Master manager not found
2024-10-21 04:44:23,169 file.ManagerServant INFO Master manager not found
2024-10-21 04:44:33,208 file.ManagerServant INFO Master manager not found
2024-10-21 04:44:43,246 file.ManagerServant INFO Master manager not found
2024-10-21 04:44:53,285 file.ManagerServant INFO Master manager not found
2024-10-21 04:45:03,324 file.ManagerServant INFO Master manager not found
2024-10-21 04:45:13,363 file.ManagerServant INFO Master manager not found
2024-10-21 04:45:23,403 file.ManagerServant INFO Master manager not found
2024-10-21 04:45:33,442 file.ManagerServant INFO Master manager not found
2024-10-21 04:45:43,480 file.ManagerServant INFO Master manager not found
2024-10-21 04:45:53,520 file.ManagerServant INFO Master manager not found
2024-10-21 04:46:03,559 file.ManagerServant INFO Master manager not found
2024-10-21 04:46:13,601 file.ManagerServant INFO Master manager not found
2024-10-21 04:46:23,640 file.ManagerServant INFO Master manager not found
2024-10-21 04:46:33,680 file.ManagerServant INFO Master manager not found
2024-10-21 04:46:43,720 file.ManagerServant INFO Master manager not found
2024-10-21 04:46:53,758 file.ManagerServant INFO Master manager not found
2024-10-21 04:47:03,798 file.ManagerServant INFO Master manager not found
2024-10-21 04:47:13,838 file.ManagerServant INFO Master manager not found
2024-10-21 04:47:23,883 file.ManagerServant INFO Master manager not found
2024-10-21 04:47:33,922 file.ManagerServant INFO Master manager not found
2024-10-21 04:47:43,961 file.ManagerServant INFO Master manager not found
2024-10-21 04:47:54,001 file.ManagerServant INFO Master manager not found
2024-10-21 04:48:04,041 file.ManagerServant INFO Master manager not found
2024-10-21 04:48:14,081 file.ManagerServant INFO Master manager not found
2024-10-21 04:48:24,121 file.ManagerServant INFO Master manager not found
2024-10-21 04:48:34,159 file.ManagerServant INFO Master manager not found
2024-10-21 04:48:44,216 file.ManagerServant INFO Master manager not found
2024-10-21 04:48:54,259 file.ManagerServant INFO Master manager not found
2024-10-21 04:49:04,305 file.ManagerServant INFO Master manager not found
2024-10-21 04:49:14,345 file.ManagerServant INFO Master manager not found
2024-10-21 04:49:24,385 file.ManagerServant INFO Master manager not found
2024-10-21 04:49:34,428 file.ManagerServant INFO Master manager not found
2024-10-21 04:49:44,469 file.ManagerServant INFO Master manager not found
2024-10-21 04:49:54,509 file.ManagerServant INFO Master manager not found
2024-10-21 04:50:04,548 file.ManagerServant INFO Master manager not found
2024-10-21 04:50:14,593 file.ManagerServant INFO Master manager not found
2024-10-21 04:50:24,632 file.ManagerServant INFO Master manager not found
2024-10-21 04:50:34,672 file.ManagerServant INFO Master manager not found
2024-10-21 04:50:44,711 file.ManagerServant INFO Master manager not found
2024-10-21 04:50:54,753 file.ManagerServant INFO Master manager not found
2024-10-21 04:51:04,798 file.ManagerServant INFO Master manager not found
2024-10-21 04:51:14,839 file.ManagerServant INFO Master manager not found
2024-10-21 04:51:24,881 file.ManagerServant INFO Master manager not found
2024-10-21 04:51:34,920 file.ManagerServant INFO Master manager not found
2024-10-21 04:51:44,959 file.ManagerServant INFO Master manager not found
2024-10-21 04:51:54,998 file.ManagerServant INFO Master manager not found
2024-10-21 04:52:05,039 file.ManagerServant INFO Master manager not found
2024-10-21 04:52:15,079 file.ManagerServant INFO Master manager not found
2024-10-21 04:52:25,118 file.ManagerServant INFO Master manager not found
2024-10-21 04:52:35,157 file.ManagerServant INFO Master manager not found
2024-10-21 04:52:45,196 file.ManagerServant INFO Master manager not found
2024-10-21 04:52:55,235 file.ManagerServant INFO Master manager not found
2024-10-21 04:53:05,274 file.ManagerServant INFO Master manager not found
2024-10-21 04:53:15,313 file.ManagerServant INFO Master manager not found
2024-10-21 04:53:25,355 file.ManagerServant INFO Master manager not found
2024-10-21 04:53:35,394 file.ManagerServant INFO Master manager not found
2024-10-21 04:53:45,438 file.ManagerServant INFO Master manager not found
2024-10-21 04:53:55,477 file.ManagerServant INFO Master manager not found
2024-10-21 04:54:05,516 file.ManagerServant INFO Master manager not found
2024-10-21 04:54:15,563 file.ManagerServant INFO Master manager not found
2024-10-21 04:54:25,602 file.ManagerServant INFO Master manager not found
2024-10-21 04:54:35,644 file.ManagerServant INFO Master manager not found
2024-10-21 04:54:45,683 file.ManagerServant INFO Master manager not found
2024-10-21 04:54:55,723 file.ManagerServant INFO Master manager not found
2024-10-21 04:55:05,761 file.ManagerServant INFO Master manager not found
2024-10-21 04:55:15,801 file.ManagerServant INFO Master manager not found
2024-10-21 04:55:25,840 file.ManagerServant INFO Master manager not found
2024-10-21 04:55:35,879 file.ManagerServant INFO Master manager not found
2024-10-21 04:55:45,920 file.ManagerServant INFO Master manager not found
2024-10-21 04:55:55,960 file.ManagerServant INFO Master manager not found
2024-10-21 04:56:06,005 file.ManagerServant INFO Master manager not found
2024-10-21 04:56:16,045 file.ManagerServant INFO Master manager not found
2024-10-21 04:56:26,083 file.ManagerServant INFO Master manager not found
2024-10-21 04:56:36,124 file.ManagerServant INFO Master manager not found
2024-10-21 04:56:46,163 file.ManagerServant INFO Master manager not found
2024-10-21 04:56:56,203 file.ManagerServant INFO Master manager not found
2024-10-21 04:57:06,240 file.ManagerServant INFO Master manager not found
2024-10-21 04:57:16,278 file.ManagerServant INFO Master manager not found
2024-10-21 04:57:26,318 file.ManagerServant INFO Master manager not found
2024-10-21 04:57:36,355 file.ManagerServant INFO Master manager not found
2024-10-21 04:57:46,401 file.ManagerServant INFO Master manager not found
2024-10-21 04:57:56,440 file.ManagerServant INFO Master manager not found
2024-10-21 04:58:06,480 file.ManagerServant INFO Master manager not found
2024-10-21 04:58:16,520 file.ManagerServant INFO Master manager not found
2024-10-21 04:58:26,559 file.ManagerServant INFO Master manager not found
2024-10-21 04:58:36,599 file.ManagerServant INFO Master manager not found
2024-10-21 04:58:46,637 file.ManagerServant INFO Master manager not found
2024-10-21 04:58:56,679 file.ManagerServant INFO Master manager not found
2024-10-21 04:59:06,724 file.ManagerServant INFO Master manager not found
2024-10-21 04:59:16,763 file.ManagerServant INFO Master manager not found
2024-10-21 04:59:26,803 file.ManagerServant INFO Master manager not found
2024-10-21 04:59:36,841 file.ManagerServant INFO Master manager not found
2024-10-21 04:59:46,881 file.ManagerServant INFO Master manager not found
2024-10-21 04:59:56,920 file.ManagerServant INFO Master manager not found
2024-10-21 05:00:06,959 file.ManagerServant INFO Master manager not found
2024-10-21 05:00:16,997 file.ManagerServant INFO Master manager not found
2024-10-21 05:00:27,038 file.ManagerServant INFO Master manager not found
2024-10-21 05:00:37,081 file.ManagerServant INFO Master manager not found
2024-10-21 05:00:47,120 file.ManagerServant INFO Master manager not found
2024-10-21 05:00:57,160 file.ManagerServant INFO Master manager not found
2024-10-21 05:01:07,201 file.ManagerServant INFO Master manager not found
2024-10-21 05:01:17,241 file.ManagerServant INFO Master manager not found
2024-10-21 05:01:27,280 file.ManagerServant INFO Master manager not found
2024-10-21 05:01:37,318 file.ManagerServant INFO Master manager not found
2024-10-21 05:01:47,358 file.ManagerServant INFO Master manager not found
2024-10-21 05:01:57,399 file.ManagerServant INFO Master manager not found
2024-10-21 05:02:07,442 file.ManagerServant INFO Master manager not found
2024-10-21 05:02:17,482 file.ManagerServant INFO Master manager not found
2024-10-21 05:02:27,526 file.ManagerServant INFO Master manager not found
2024-10-21 05:02:37,565 file.ManagerServant INFO Master manager not found
2024-10-21 05:02:47,605 file.ManagerServant INFO Master manager not found
2024-10-21 05:02:57,645 file.ManagerServant INFO Master manager not found
2024-10-21 05:03:07,684 file.ManagerServant INFO Master manager not found
2024-10-21 05:03:17,723 file.ManagerServant INFO Master manager not found
2024-10-21 05:03:27,786 file.ManagerServant INFO Master manager not found
2024-10-21 05:03:37,827 file.ManagerServant INFO Master manager not found
2024-10-21 05:03:47,867 file.ManagerServant INFO Master manager not found
2024-10-21 05:03:57,920 file.ManagerServant INFO Master manager not found
2024-10-21 05:04:07,964 file.ManagerServant INFO Master manager not found
2024-10-21 05:04:18,003 file.ManagerServant INFO Master manager not found
2024-10-21 05:04:28,042 file.ManagerServant INFO Master manager not found
2024-10-21 05:04:38,082 file.ManagerServant INFO Master manager not found
2024-10-21 05:04:48,121 file.ManagerServant INFO Master manager not found
2024-10-21 05:04:58,159 file.ManagerServant INFO Master manager not found
2024-10-21 05:05:08,196 file.ManagerServant INFO Master manager not found
2024-10-21 05:05:18,235 file.ManagerServant INFO Master manager not found
2024-10-21 05:05:28,275 file.ManagerServant INFO Master manager not found
2024-10-21 05:05:38,316 file.ManagerServant INFO Master manager not found
2024-10-21 05:05:48,355 file.ManagerServant INFO Master manager not found
2024-10-21 05:05:58,393 file.ManagerServant INFO Master manager not found
2024-10-21 05:06:08,433 file.ManagerServant INFO Master manager not found
2024-10-21 05:06:18,472 file.ManagerServant INFO Master manager not found
2024-10-21 05:06:28,514 file.ManagerServant INFO Master manager not found
2024-10-21 05:06:38,557 file.ManagerServant INFO Master manager not found
2024-10-21 05:06:48,597 file.ManagerServant INFO Master manager not found
2024-10-21 05:06:58,639 file.ManagerServant INFO Master manager not found
2024-10-21 05:07:08,678 file.ManagerServant INFO Master manager not found
2024-10-21 05:07:18,718 file.ManagerServant INFO Master manager not found
2024-10-21 05:07:28,755 file.ManagerServant INFO Master manager not found
2024-10-21 05:07:38,799 file.ManagerServant INFO Master manager not found
2024-10-21 05:07:48,838 file.ManagerServant INFO Master manager not found
2024-10-21 05:07:58,878 file.ManagerServant INFO Master manager not found
2024-10-21 05:08:08,919 file.ManagerServant INFO Master manager not found
2024-10-21 05:08:18,960 file.ManagerServant INFO Master manager not found
2024-10-21 05:08:29,000 file.ManagerServant INFO Master manager not found
2024-10-21 05:08:39,040 file.ManagerServant INFO Master manager not found
2024-10-21 05:08:49,081 file.ManagerServant INFO Master manager not found
2024-10-21 05:08:59,121 file.ManagerServant INFO Master manager not found
2024-10-21 05:09:09,164 file.ManagerServant INFO Master manager not found
2024-10-21 05:09:19,201 file.ManagerServant INFO Master manager not found
2024-10-21 05:09:29,240 file.ManagerServant INFO Master manager not found
2024-10-21 05:09:39,279 file.ManagerServant INFO Master manager not found
2024-10-21 05:09:49,317 file.ManagerServant INFO Master manager not found
2024-10-21 05:09:59,382 file.ManagerServant INFO Master manager not found
2024-10-21 05:10:09,420 file.ManagerServant INFO Master manager not found
2024-10-21 05:10:19,460 file.ManagerServant INFO Master manager not found
2024-10-21 05:10:29,507 file.ManagerServant INFO Master manager not found
2024-10-21 05:10:39,552 file.ManagerServant INFO Master manager not found
2024-10-21 05:10:49,591 file.ManagerServant INFO Master manager not found
2024-10-21 05:10:59,630 file.ManagerServant INFO Master manager not found
2024-10-21 05:11:09,669 file.ManagerServant INFO Master manager not found
2024-10-21 05:11:19,710 file.ManagerServant INFO Master manager not found
2024-10-21 05:11:29,749 file.ManagerServant INFO Master manager not found
2024-10-21 05:11:39,790 file.ManagerServant INFO Master manager not found
2024-10-21 05:11:49,830 file.ManagerServant INFO Master manager not found
2024-10-21 05:11:59,873 file.ManagerServant INFO Master manager not found
2024-10-21 05:12:09,913 file.ManagerServant INFO Master manager not found
2024-10-21 05:12:19,953 file.ManagerServant INFO Master manager not found
2024-10-21 05:12:29,994 file.ManagerServant INFO Master manager not found
2024-10-21 05:12:40,034 file.ManagerServant INFO Master manager not found
2024-10-21 05:12:50,078 file.ManagerServant INFO Master manager not found
2024-10-21 05:13:00,116 file.ManagerServant INFO Master manager not found
2024-10-21 05:13:10,158 file.ManagerServant INFO Master manager not found
2024-10-21 05:13:20,199 file.ManagerServant INFO Master manager not found
2024-10-21 05:13:30,240 file.ManagerServant INFO Master manager not found
2024-10-21 05:13:40,280 file.ManagerServant INFO Master manager not found
2024-10-21 05:13:50,319 file.ManagerServant INFO Master manager not found
2024-10-21 05:14:00,360 file.ManagerServant INFO Master manager not found
2024-10-21 05:14:10,399 file.ManagerServant INFO Master manager not found
2024-10-21 05:14:20,447 file.ManagerServant INFO Master manager not found
2024-10-21 05:14:30,490 file.ManagerServant INFO Master manager not found
2024-10-21 05:14:40,530 file.ManagerServant INFO Master manager not found
2024-10-21 05:14:50,571 file.ManagerServant INFO Master manager not found
2024-10-21 05:15:00,608 file.ManagerServant INFO Master manager not found
2024-10-21 05:15:10,650 file.ManagerServant INFO Master manager not found
2024-10-21 05:15:20,690 file.ManagerServant INFO Master manager not found
2024-10-21 05:15:30,735 file.ManagerServant INFO Master manager not found
2024-10-21 05:15:40,781 file.ManagerServant INFO Master manager not found
2024-10-21 05:15:50,821 file.ManagerServant INFO Master manager not found
2024-10-21 05:16:00,862 file.ManagerServant INFO Master manager not found
2024-10-21 05:16:10,906 file.ManagerServant INFO Master manager not found
2024-10-21 05:16:20,947 file.ManagerServant INFO Master manager not found
2024-10-21 05:16:30,988 file.ManagerServant INFO Master manager not found
2024-10-21 05:16:41,027 file.ManagerServant INFO Master manager not found
2024-10-21 05:16:51,068 file.ManagerServant INFO Master manager not found
2024-10-21 05:17:01,108 file.ManagerServant INFO Master manager not found
2024-10-21 05:17:11,153 file.ManagerServant INFO Master manager not found
2024-10-21 05:17:21,198 file.ManagerServant INFO Master manager not found
2024-10-21 05:17:31,239 file.ManagerServant INFO Master manager not found
2024-10-21 05:17:41,278 file.ManagerServant INFO Master manager not found
2024-10-21 05:17:51,320 file.ManagerServant INFO Master manager not found
2024-10-21 05:18:01,365 file.ManagerServant INFO Master manager not found
2024-10-21 05:18:11,404 file.ManagerServant INFO Master manager not found
2024-10-21 05:18:21,446 file.ManagerServant INFO Master manager not found
2024-10-21 05:18:31,485 file.ManagerServant INFO Master manager not found
2024-10-21 05:18:41,523 file.ManagerServant INFO Master manager not found
2024-10-21 05:18:51,564 file.ManagerServant INFO Master manager not found
2024-10-21 05:19:01,604 file.ManagerServant INFO Master manager not found
2024-10-21 05:19:11,643 file.ManagerServant INFO Master manager not found
2024-10-21 05:19:21,682 file.ManagerServant INFO Master manager not found
2024-10-21 05:19:31,720 file.ManagerServant INFO Master manager not found
2024-10-21 05:19:41,765 file.ManagerServant INFO Master manager not found
2024-10-21 05:19:51,804 file.ManagerServant INFO Master manager not found
2024-10-21 05:20:01,845 file.ManagerServant INFO Master manager not found
2024-10-21 05:20:11,884 file.ManagerServant INFO Master manager not found
2024-10-21 05:20:21,925 file.ManagerServant INFO Master manager not found
2024-10-21 05:20:31,963 file.ManagerServant INFO Master manager not found
2024-10-21 05:20:42,002 file.ManagerServant INFO Master manager not found
2024-10-21 05:20:52,041 file.ManagerServant INFO Master manager not found
2024-10-21 05:21:02,078 file.ManagerServant INFO Master manager not found
2024-10-21 05:21:12,120 file.ManagerServant INFO Master manager not found
2024-10-21 05:21:22,161 file.ManagerServant INFO Master manager not found
2024-10-21 05:21:32,205 file.ManagerServant INFO Master manager not found
2024-10-21 05:21:42,244 file.ManagerServant INFO Master manager not found
2024-10-21 05:21:52,284 file.ManagerServant INFO Master manager not found
2024-10-21 05:22:02,324 file.ManagerServant INFO Master manager not found
2024-10-21 05:22:12,361 file.ManagerServant INFO Master manager not found
2024-10-21 05:22:22,398 file.ManagerServant INFO Master manager not found
2024-10-21 05:22:32,436 file.ManagerServant INFO Master manager not found
2024-10-21 05:22:42,475 file.ManagerServant INFO Master manager not found
2024-10-21 05:22:52,514 file.ManagerServant INFO Master manager not found
2024-10-21 05:23:02,552 file.ManagerServant INFO Master manager not found
2024-10-21 05:23:12,601 file.ManagerServant INFO Master manager not found
2024-10-21 05:23:22,640 file.ManagerServant INFO Master manager not found
2024-10-21 05:23:32,679 file.ManagerServant INFO Master manager not found
2024-10-21 05:23:42,718 file.ManagerServant INFO Master manager not found
2024-10-21 05:23:52,757 file.ManagerServant INFO Master manager not found
2024-10-21 05:24:02,797 file.ManagerServant INFO Master manager not found
2024-10-21 05:24:12,835 file.ManagerServant INFO Master manager not found
2024-10-21 05:24:22,875 file.ManagerServant INFO Master manager not found
2024-10-21 05:24:32,914 file.ManagerServant INFO Master manager not found
2024-10-21 05:24:42,954 file.ManagerServant INFO Master manager not found
2024-10-21 05:24:52,997 file.ManagerServant INFO Master manager not found
2024-10-21 05:25:03,042 file.ManagerServant INFO Master manager not found
2024-10-21 05:25:13,081 file.ManagerServant INFO Master manager not found
2024-10-21 05:25:23,122 file.ManagerServant INFO Master manager not found
2024-10-21 05:25:33,162 file.ManagerServant INFO Master manager not found
2024-10-21 05:25:43,204 file.ManagerServant INFO Master manager not found
2024-10-21 05:25:53,245 file.ManagerServant INFO Master manager not found
2024-10-21 05:26:03,285 file.ManagerServant INFO Master manager not found
2024-10-21 05:26:13,326 file.ManagerServant INFO Master manager not found
2024-10-21 05:26:23,367 file.ManagerServant INFO Master manager not found
2024-10-21 05:26:33,407 file.ManagerServant INFO Master manager not found
2024-10-21 05:26:43,448 file.ManagerServant INFO Master manager not found
2024-10-21 05:26:53,490 file.ManagerServant INFO Master manager not found
2024-10-21 05:27:03,530 file.ManagerServant INFO Master manager not found
2024-10-21 05:27:13,571 file.ManagerServant INFO Master manager not found
2024-10-21 05:27:23,610 file.ManagerServant INFO Master manager not found
2024-10-21 05:27:33,652 file.ManagerServant INFO Master manager not found
2024-10-21 05:27:43,690 file.ManagerServant INFO Master manager not found
2024-10-21 05:27:53,729 file.ManagerServant INFO Master manager not found
2024-10-21 05:28:03,771 file.ManagerServant INFO Master manager not found
2024-10-21 05:28:13,811 file.ManagerServant INFO Master manager not found
2024-10-21 05:28:23,857 file.ManagerServant INFO Master manager not found
2024-10-21 05:28:33,895 file.ManagerServant INFO Master manager not found
2024-10-21 05:28:43,941 file.ManagerServant INFO Master manager not found
2024-10-21 05:28:53,984 file.ManagerServant INFO Master manager not found
2024-10-21 05:29:04,024 file.ManagerServant INFO Master manager not found
2024-10-21 05:29:14,124 file.ManagerServant INFO Master manager not found
2024-10-21 05:29:24,165 file.ManagerServant INFO Master manager not found
2024-10-21 05:29:34,206 file.ManagerServant INFO Master manager not found
2024-10-21 05:29:44,245 file.ManagerServant INFO Master manager not found
2024-10-21 05:29:54,284 file.ManagerServant INFO Master manager not found
2024-10-21 05:30:04,323 file.ManagerServant INFO Master manager not found
2024-10-21 05:30:14,364 file.ManagerServant INFO Master manager not found
2024-10-21 05:30:24,402 file.ManagerServant INFO Master manager not found
2024-10-21 05:30:34,444 file.ManagerServant INFO Master manager not found
2024-10-21 05:30:44,483 file.ManagerServant INFO Master manager not found
2024-10-21 05:30:54,522 file.ManagerServant INFO Master manager not found
2024-10-21 05:31:04,561 file.ManagerServant INFO Master manager not found
2024-10-21 05:31:14,599 file.ManagerServant INFO Master manager not found
2024-10-21 05:31:24,638 file.ManagerServant INFO Master manager not found
2024-10-21 05:31:34,678 file.ManagerServant INFO Master manager not found
2024-10-21 05:31:44,719 file.ManagerServant INFO Master manager not found
2024-10-21 05:31:54,756 file.ManagerServant INFO Master manager not found
2024-10-21 05:32:04,797 file.ManagerServant INFO Master manager not found
2024-10-21 05:32:14,836 file.ManagerServant INFO Master manager not found
2024-10-21 05:32:24,875 file.ManagerServant INFO Master manager not found
2024-10-21 05:32:34,914 file.ManagerServant INFO Master manager not found
2024-10-21 05:32:44,950 file.ManagerServant INFO Master manager not found
2024-10-21 05:32:54,990 file.ManagerServant INFO Master manager not found
2024-10-21 05:33:05,027 file.ManagerServant INFO Master manager not found
2024-10-21 05:33:15,066 file.ManagerServant INFO Master manager not found
2024-10-21 05:33:25,106 file.ManagerServant INFO Master manager not found
2024-10-21 05:33:35,147 file.ManagerServant INFO Master manager not found
2024-10-21 05:33:45,188 file.ManagerServant INFO Master manager not found
2024-10-21 05:33:55,228 file.ManagerServant INFO Master manager not found
2024-10-21 05:34:05,270 file.ManagerServant INFO Master manager not found
2024-10-21 05:34:15,311 file.ManagerServant INFO Master manager not found
2024-10-21 05:34:25,351 file.ManagerServant INFO Master manager not found
2024-10-21 05:34:35,394 file.ManagerServant INFO Master manager not found
2024-10-21 05:34:45,436 file.ManagerServant INFO Master manager not found
2024-10-21 05:34:55,477 file.ManagerServant INFO Master manager not found
2024-10-21 05:35:05,517 file.ManagerServant INFO Master manager not found
2024-10-21 05:35:15,555 file.ManagerServant INFO Master manager not found
2024-10-21 05:35:25,596 file.ManagerServant INFO Master manager not found
2024-10-21 05:35:35,636 file.ManagerServant INFO Master manager not found
2024-10-21 05:35:45,678 file.ManagerServant INFO Master manager not found
2024-10-21 05:35:55,718 file.ManagerServant INFO Master manager not found
2024-10-21 05:36:05,761 file.ManagerServant INFO Master manager not found
2024-10-21 05:36:15,805 file.ManagerServant INFO Master manager not found
2024-10-21 05:36:25,862 file.ManagerServant INFO Master manager not found
2024-10-21 05:36:35,904 file.ManagerServant INFO Master manager not found
2024-10-21 05:36:45,946 file.ManagerServant INFO Master manager not found
2024-10-21 05:36:55,988 file.ManagerServant INFO Master manager not found
2024-10-21 05:37:06,030 file.ManagerServant INFO Master manager not found
2024-10-21 05:37:16,074 file.ManagerServant INFO Master manager not found
2024-10-21 05:37:26,115 file.ManagerServant INFO Master manager not found
2024-10-21 05:37:36,158 file.ManagerServant INFO Master manager not found
2024-10-21 05:37:46,200 file.ManagerServant INFO Master manager not found
2024-10-21 05:37:56,238 file.ManagerServant INFO Master manager not found
2024-10-21 05:38:06,283 file.ManagerServant INFO Master manager not found
2024-10-21 05:38:16,324 file.ManagerServant INFO Master manager not found
2024-10-21 05:38:26,364 file.ManagerServant INFO Master manager not found
2024-10-21 05:38:36,404 file.ManagerServant INFO Master manager not found
2024-10-21 05:38:46,449 file.ManagerServant INFO Master manager not found
2024-10-21 05:38:56,489 file.ManagerServant INFO Master manager not found
2024-10-21 05:39:06,531 file.ManagerServant INFO Master manager not found
2024-10-21 05:39:16,571 file.ManagerServant INFO Master manager not found
2024-10-21 05:39:26,613 file.ManagerServant INFO Master manager not found
2024-10-21 05:39:36,655 file.ManagerServant INFO Master manager not found
2024-10-21 05:39:46,697 file.ManagerServant INFO Master manager not found
2024-10-21 05:39:56,738 file.ManagerServant INFO Master manager not found
2024-10-21 05:40:06,781 file.ManagerServant INFO Master manager not found
2024-10-21 05:40:16,824 file.ManagerServant INFO Master manager not found
2024-10-21 05:40:26,864 file.ManagerServant INFO Master manager not found
2024-10-21 05:40:36,907 file.ManagerServant INFO Master manager not found
2024-10-21 05:40:46,948 file.ManagerServant INFO Master manager not found
2024-10-21 05:40:56,990 file.ManagerServant INFO Master manager not found
2024-10-21 05:41:07,032 file.ManagerServant INFO Master manager not found
2024-10-21 05:41:17,080 file.ManagerServant INFO Master manager not found
2024-10-21 05:41:27,090 file.ManagerServant INFO Master manager not found
2024-10-21 05:41:37,154 file.ManagerServant INFO Master manager not found
2024-10-21 05:41:47,193 file.ManagerServant INFO Master manager not found
2024-10-21 05:41:57,237 file.ManagerServant INFO Master manager not found
2024-10-21 05:42:07,276 file.ManagerServant INFO Master manager not found
2024-10-21 05:42:17,317 file.ManagerServant INFO Master manager not found
2024-10-21 05:42:27,355 file.ManagerServant INFO Master manager not found
2024-10-21 05:42:37,395 file.ManagerServant INFO Master manager not found
2024-10-21 05:42:47,455 file.ManagerServant INFO Master manager not found
2024-10-21 05:42:57,495 file.ManagerServant INFO Master manager not found
2024-10-21 05:43:07,536 file.ManagerServant INFO Master manager not found
2024-10-21 05:43:17,577 file.ManagerServant INFO Master manager not found
2024-10-21 05:43:27,619 file.ManagerServant INFO Master manager not found
2024-10-21 05:43:37,658 file.ManagerServant INFO Master manager not found
2024-10-21 05:43:47,699 file.ManagerServant INFO Master manager not found
2024-10-21 05:43:57,739 file.ManagerServant INFO Master manager not found
2024-10-21 05:44:07,779 file.ManagerServant INFO Master manager not found
2024-10-21 05:44:17,821 file.ManagerServant INFO Master manager not found
2024-10-21 05:44:27,860 file.ManagerServant INFO Master manager not found
2024-10-21 05:44:37,900 file.ManagerServant INFO Master manager not found
2024-10-21 05:44:47,938 file.ManagerServant INFO Master manager not found
2024-10-21 05:44:57,978 file.ManagerServant INFO Master manager not found
2024-10-21 05:45:08,021 file.ManagerServant INFO Master manager not found
2024-10-21 05:45:18,059 file.ManagerServant INFO Master manager not found
2024-10-21 05:45:28,099 file.ManagerServant INFO Master manager not found
2024-10-21 05:45:38,140 file.ManagerServant INFO Master manager not found
2024-10-21 05:45:48,179 file.ManagerServant INFO Master manager not found
2024-10-21 05:45:58,218 file.ManagerServant INFO Master manager not found
2024-10-21 05:46:08,257 file.ManagerServant INFO Master manager not found
2024-10-21 05:46:18,299 file.ManagerServant INFO Master manager not found
2024-10-21 05:46:28,337 file.ManagerServant INFO Master manager not found
2024-10-21 05:46:38,379 file.ManagerServant INFO Master manager not found
2024-10-21 05:46:48,419 file.ManagerServant INFO Master manager not found
2024-10-21 05:46:58,459 file.ManagerServant INFO Master manager not found
2024-10-21 05:47:08,500 file.ManagerServant INFO Master manager not found
2024-10-21 05:47:18,541 file.ManagerServant INFO Master manager not found
2024-10-21 05:47:28,581 file.ManagerServant INFO Master manager not found
2024-10-21 05:47:38,621 file.ManagerServant INFO Master manager not found
2024-10-21 05:47:48,659 file.ManagerServant INFO Master manager not found
2024-10-21 05:47:58,700 file.ManagerServant INFO Master manager not found
2024-10-21 05:48:08,738 file.ManagerServant INFO Master manager not found
2024-10-21 05:48:18,780 file.ManagerServant INFO Master manager not found
2024-10-21 05:48:28,820 file.ManagerServant INFO Master manager not found
2024-10-21 05:48:38,865 file.ManagerServant INFO Master manager not found
2024-10-21 05:48:48,903 file.ManagerServant INFO Master manager not found
2024-10-21 05:48:58,942 file.ManagerServant INFO Master manager not found
2024-10-21 05:49:08,982 file.ManagerServant INFO Master manager not found
2024-10-21 05:49:19,021 file.ManagerServant INFO Master manager not found
2024-10-21 05:49:29,064 file.ManagerServant INFO Master manager not found
2024-10-21 05:49:39,103 file.ManagerServant INFO Master manager not found
2024-10-21 05:49:49,142 file.ManagerServant INFO Master manager not found
2024-10-21 05:49:59,184 file.ManagerServant INFO Master manager not found
2024-10-21 05:50:09,224 file.ManagerServant INFO Master manager not found
2024-10-21 05:50:19,266 file.ManagerServant INFO Master manager not found
2024-10-21 05:50:29,304 file.ManagerServant INFO Master manager not found
2024-10-21 05:50:39,346 file.ManagerServant INFO Master manager not found
2024-10-21 05:50:49,385 file.ManagerServant INFO Master manager not found
2024-10-21 05:50:59,424 file.ManagerServant INFO Master manager not found
2024-10-21 05:51:09,463 file.ManagerServant INFO Master manager not found
2024-10-21 05:51:19,548 file.ManagerServant INFO Master manager not found
2024-10-21 05:51:29,588 file.ManagerServant INFO Master manager not found
2024-10-21 05:51:39,627 file.ManagerServant INFO Master manager not found
2024-10-21 05:51:49,670 file.ManagerServant INFO Master manager not found
2024-10-21 05:51:59,716 file.ManagerServant INFO Master manager not found
2024-10-21 05:52:09,756 file.ManagerServant INFO Master manager not found
2024-10-21 05:52:19,797 file.ManagerServant INFO Master manager not found
2024-10-21 05:52:29,845 file.ManagerServant INFO Master manager not found
2024-10-21 05:52:39,886 file.ManagerServant INFO Master manager not found
2024-10-21 05:52:49,925 file.ManagerServant INFO Master manager not found
2024-10-21 05:52:59,966 file.ManagerServant INFO Master manager not found
2024-10-21 05:53:10,007 file.ManagerServant INFO Master manager not found
2024-10-21 05:53:20,046 file.ManagerServant INFO Master manager not found
2024-10-21 05:53:30,086 file.ManagerServant INFO Master manager not found
2024-10-21 05:53:40,126 file.ManagerServant INFO Master manager not found
2024-10-21 05:53:50,171 file.ManagerServant INFO Master manager not found
2024-10-21 05:54:00,212 file.ManagerServant INFO Master manager not found
2024-10-21 05:54:10,251 file.ManagerServant INFO Master manager not found
2024-10-21 05:54:20,291 file.ManagerServant INFO Master manager not found
2024-10-21 05:54:30,330 file.ManagerServant INFO Master manager not found
2024-10-21 05:54:40,369 file.ManagerServant INFO Master manager not found
2024-10-21 05:54:50,409 file.ManagerServant INFO Master manager not found
2024-10-21 05:55:00,453 file.ManagerServant INFO Master manager not found
2024-10-21 05:55:10,492 file.ManagerServant INFO Master manager not found
2024-10-21 05:55:20,530 file.ManagerServant INFO Master manager not found
2024-10-21 05:55:30,573 file.ManagerServant INFO Master manager not found
2024-10-21 05:55:40,610 file.ManagerServant INFO Master manager not found
2024-10-21 05:55:50,649 file.ManagerServant INFO Master manager not found
2024-10-21 05:56:00,693 file.ManagerServant INFO Master manager not found
2024-10-21 05:56:10,731 file.ManagerServant INFO Master manager not found
2024-10-21 05:56:20,771 file.ManagerServant INFO Master manager not found
2024-10-21 05:56:30,810 file.ManagerServant INFO Master manager not found
2024-10-21 05:56:40,850 file.ManagerServant INFO Master manager not found
2024-10-21 05:56:50,890 file.ManagerServant INFO Master manager not found
2024-10-21 05:57:00,933 file.ManagerServant INFO Master manager not found
2024-10-21 05:57:10,973 file.ManagerServant INFO Master manager not found
2024-10-21 05:57:21,012 file.ManagerServant INFO Master manager not found
2024-10-21 05:57:31,055 file.ManagerServant INFO Master manager not found
2024-10-21 05:57:41,094 file.ManagerServant INFO Master manager not found
2024-10-21 05:57:51,134 file.ManagerServant INFO Master manager not found
2024-10-21 05:58:01,174 file.ManagerServant INFO Master manager not found
2024-10-21 05:58:11,214 file.ManagerServant INFO Master manager not found
2024-10-21 05:58:21,254 file.ManagerServant INFO Master manager not found
2024-10-21 05:58:31,294 file.ManagerServant INFO Master manager not found
2024-10-21 05:58:41,333 file.ManagerServant INFO Master manager not found
2024-10-21 05:58:51,374 file.ManagerServant INFO Master manager not found
2024-10-21 05:59:01,419 file.ManagerServant INFO Master manager not found
2024-10-21 05:59:11,419 file.ManagerServant INFO Master manager not found
2024-10-21 05:59:21,458 file.ManagerServant INFO Master manager not found
2024-10-21 05:59:31,499 file.ManagerServant INFO Master manager not found
2024-10-21 05:59:41,540 file.ManagerServant INFO Master manager not found
2024-10-21 05:59:51,580 file.ManagerServant INFO Master manager not found
2024-10-21 06:00:01,620 file.ManagerServant INFO Master manager not found
2024-10-21 06:00:11,659 file.ManagerServant INFO Master manager not found
2024-10-21 06:00:21,703 file.ManagerServant INFO Master manager not found
2024-10-21 06:00:31,743 file.ManagerServant INFO Master manager not found
2024-10-21 06:00:41,786 file.ManagerServant INFO Master manager not found
2024-10-21 06:00:51,826 file.ManagerServant INFO Master manager not found
2024-10-21 06:01:01,866 file.ManagerServant INFO Master manager not found
2024-10-21 06:01:11,905 file.ManagerServant INFO Master manager not found
2024-10-21 06:01:21,945 file.ManagerServant INFO Master manager not found
2024-10-21 06:01:31,985 file.ManagerServant INFO Master manager not found
2024-10-21 06:01:42,025 file.ManagerServant INFO Master manager not found
2024-10-21 06:01:52,067 file.ManagerServant INFO Master manager not found
2024-10-21 06:02:02,109 file.ManagerServant INFO Master manager not found
2024-10-21 06:02:12,148 file.ManagerServant INFO Master manager not found
2024-10-21 06:02:22,191 file.ManagerServant INFO Master manager not found
2024-10-21 06:02:32,229 file.ManagerServant INFO Master manager not found
2024-10-21 06:02:42,268 file.ManagerServant INFO Master manager not found
2024-10-21 06:02:52,309 file.ManagerServant INFO Master manager not found
2024-10-21 06:03:02,348 file.ManagerServant INFO Master manager not found
2024-10-21 06:03:12,386 file.ManagerServant INFO Master manager not found
2024-10-21 06:03:22,426 file.ManagerServant INFO Master manager not found
2024-10-21 06:03:32,467 file.ManagerServant INFO Master manager not found
2024-10-21 06:03:42,506 file.ManagerServant INFO Master manager not found
2024-10-21 06:03:52,545 file.ManagerServant INFO Master manager not found
2024-10-21 06:04:02,587 file.ManagerServant INFO Master manager not found
2024-10-21 06:04:12,628 file.ManagerServant INFO Master manager not found
2024-10-21 06:04:22,672 file.ManagerServant INFO Master manager not found
2024-10-21 06:04:32,711 file.ManagerServant INFO Master manager not found
2024-10-21 06:04:42,757 file.ManagerServant INFO Master manager not found
2024-10-21 06:04:52,801 file.ManagerServant INFO Master manager not found
2024-10-21 06:05:02,840 file.ManagerServant INFO Master manager not found
2024-10-21 06:05:12,879 file.ManagerServant INFO Master manager not found
2024-10-21 06:05:22,916 file.ManagerServant INFO Master manager not found
2024-10-21 06:05:32,954 file.ManagerServant INFO Master manager not found
2024-10-21 06:05:42,993 file.ManagerServant INFO Master manager not found
2024-10-21 06:05:53,037 file.ManagerServant INFO Master manager not found
2024-10-21 06:06:03,076 file.ManagerServant INFO Master manager not found
2024-10-21 06:06:13,114 file.ManagerServant INFO Master manager not found
2024-10-21 06:06:23,154 file.ManagerServant INFO Master manager not found
2024-10-21 06:06:33,194 file.ManagerServant INFO Master manager not found
2024-10-21 06:06:43,234 file.ManagerServant INFO Master manager not found
2024-10-21 06:06:53,274 file.ManagerServant INFO Master manager not found
2024-10-21 06:07:03,320 file.ManagerServant INFO Master manager not found
2024-10-21 06:07:13,359 file.ManagerServant INFO Master manager not found
2024-10-21 06:07:23,400 file.ManagerServant INFO Master manager not found
2024-10-21 06:07:33,442 file.ManagerServant INFO Master manager not found
2024-10-21 06:07:43,480 file.ManagerServant INFO Master manager not found
2024-10-21 06:07:53,519 file.ManagerServant INFO Master manager not found
2024-10-21 06:08:03,558 file.ManagerServant INFO Master manager not found
2024-10-21 06:08:13,599 file.ManagerServant INFO Master manager not found
2024-10-21 06:08:23,637 file.ManagerServant INFO Master manager not found
2024-10-21 06:08:33,680 file.ManagerServant INFO Master manager not found
2024-10-21 06:08:43,718 file.ManagerServant INFO Master manager not found
2024-10-21 06:08:53,759 file.ManagerServant INFO Master manager not found
2024-10-21 06:09:03,807 file.ManagerServant INFO Master manager not found
2024-10-21 06:09:13,845 file.ManagerServant INFO Master manager not found
2024-10-21 06:09:23,889 file.ManagerServant INFO Master manager not found
2024-10-21 06:09:33,927 file.ManagerServant INFO Master manager not found
2024-10-21 06:09:43,966 file.ManagerServant INFO Master manager not found
2024-10-21 06:09:54,007 file.ManagerServant INFO Master manager not found
2024-10-21 06:10:04,047 file.ManagerServant INFO Master manager not found
2024-10-21 06:10:14,088 file.ManagerServant INFO Master manager not found
2024-10-21 06:10:24,128 file.ManagerServant INFO Master manager not found
2024-10-21 06:10:34,173 file.ManagerServant INFO Master manager not found
2024-10-21 06:10:44,211 file.ManagerServant INFO Master manager not found
2024-10-21 06:10:54,251 file.ManagerServant INFO Master manager not found
2024-10-21 06:11:04,293 file.ManagerServant INFO Master manager not found
2024-10-21 06:11:14,333 file.ManagerServant INFO Master manager not found
2024-10-21 06:11:24,374 file.ManagerServant INFO Master manager not found
2024-10-21 06:11:34,414 file.ManagerServant INFO Master manager not found
2024-10-21 06:11:44,455 file.ManagerServant INFO Master manager not found
2024-10-21 06:11:54,493 file.ManagerServant INFO Master manager not found
2024-10-21 06:12:04,533 file.ManagerServant INFO Master manager not found
2024-10-21 06:12:14,574 file.ManagerServant INFO Master manager not found
2024-10-21 06:12:24,614 file.ManagerServant INFO Master manager not found
2024-10-21 06:12:34,655 file.ManagerServant INFO Master manager not found
2024-10-21 06:12:44,696 file.ManagerServant INFO Master manager not found
2024-10-21 06:12:54,735 file.ManagerServant INFO Master manager not found
2024-10-21 06:13:04,805 file.ManagerServant INFO Master manager not found
2024-10-21 06:13:14,847 file.ManagerServant INFO Master manager not found
2024-10-21 06:13:24,886 file.ManagerServant INFO Master manager not found
2024-10-21 06:13:34,926 file.ManagerServant INFO Master manager not found
2024-10-21 06:13:44,965 file.ManagerServant INFO Master manager not found
2024-10-21 06:13:55,004 file.ManagerServant INFO Master manager not found
2024-10-21 06:14:05,042 file.ManagerServant INFO Master manager not found
2024-10-21 06:14:15,081 file.ManagerServant INFO Master manager not found
2024-10-21 06:14:25,121 file.ManagerServant INFO Master manager not found
2024-10-21 06:14:35,159 file.ManagerServant INFO Master manager not found
2024-10-21 06:14:45,198 file.ManagerServant INFO Master manager not found
2024-10-21 06:14:55,239 file.ManagerServant INFO Master manager not found
2024-10-21 06:15:05,279 file.ManagerServant INFO Master manager not found
2024-10-21 06:15:15,317 file.ManagerServant INFO Master manager not found
2024-10-21 06:15:25,356 file.ManagerServant INFO Master manager not found
2024-10-21 06:15:35,399 file.ManagerServant INFO Master manager not found
2024-10-21 06:15:45,437 file.ManagerServant INFO Master manager not found
2024-10-21 06:15:55,478 file.ManagerServant INFO Master manager not found
2024-10-21 06:16:05,517 file.ManagerServant INFO Master manager not found
2024-10-21 06:16:15,556 file.ManagerServant INFO Master manager not found
2024-10-21 06:16:25,598 file.ManagerServant INFO Master manager not found
2024-10-21 06:16:35,637 file.ManagerServant INFO Master manager not found
2024-10-21 06:16:45,678 file.ManagerServant INFO Master manager not found
2024-10-21 06:16:55,716 file.ManagerServant INFO Master manager not found
2024-10-21 06:17:05,757 file.ManagerServant INFO Master manager not found
2024-10-21 06:17:15,796 file.ManagerServant INFO Master manager not found
2024-10-21 06:17:25,835 file.ManagerServant INFO Master manager not found
2024-10-21 06:17:35,876 file.ManagerServant INFO Master manager not found
2024-10-21 06:17:45,920 file.ManagerServant INFO Master manager not found
2024-10-21 06:17:55,965 file.ManagerServant INFO Master manager not found
2024-10-21 06:18:06,005 file.ManagerServant INFO Master manager not found
2024-10-21 06:18:16,047 file.ManagerServant INFO Master manager not found
2024-10-21 06:18:26,089 file.ManagerServant INFO Master manager not found
2024-10-21 06:18:36,129 file.ManagerServant INFO Master manager not found
2024-10-21 06:18:46,170 file.ManagerServant INFO Master manager not found
2024-10-21 06:18:56,212 file.ManagerServant INFO Master manager not found
2024-10-21 06:19:06,258 file.ManagerServant INFO Master manager not found
2024-10-21 06:19:16,300 file.ManagerServant INFO Master manager not found
2024-10-21 06:19:26,339 file.ManagerServant INFO Master manager not found
2024-10-21 06:19:36,380 file.ManagerServant INFO Master manager not found
2024-10-21 06:19:46,418 file.ManagerServant INFO Master manager not found
2024-10-21 06:19:56,463 file.ManagerServant INFO Master manager not found
2024-10-21 06:20:06,501 file.ManagerServant INFO Master manager not found
2024-10-21 06:20:16,541 file.ManagerServant INFO Master manager not found
2024-10-21 06:20:26,579 file.ManagerServant INFO Master manager not found
2024-10-21 06:20:36,620 file.ManagerServant INFO Master manager not found
2024-10-21 06:20:46,661 file.ManagerServant INFO Master manager not found
2024-10-21 06:20:56,702 file.ManagerServant INFO Master manager not found
2024-10-21 06:21:06,745 file.ManagerServant INFO Master manager not found
2024-10-21 06:21:16,785 file.ManagerServant INFO Master manager not found
2024-10-21 06:21:26,824 file.ManagerServant INFO Master manager not found
2024-10-21 06:21:36,863 file.ManagerServant INFO Master manager not found
2024-10-21 06:21:46,903 file.ManagerServant INFO Master manager not found
2024-10-21 06:21:56,944 file.ManagerServant INFO Master manager not found
2024-10-21 06:22:06,980 file.ManagerServant INFO Master manager not found
2024-10-21 06:22:17,023 file.ManagerServant INFO Master manager not found
2024-10-21 06:22:27,062 file.ManagerServant INFO Master manager not found
2024-10-21 06:22:37,103 file.ManagerServant INFO Master manager not found
2024-10-21 06:22:47,141 file.ManagerServant INFO Master manager not found
2024-10-21 06:22:57,183 file.ManagerServant INFO Master manager not found
2024-10-21 06:23:07,221 file.ManagerServant INFO Master manager not found
2024-10-21 06:23:17,261 file.ManagerServant INFO Master manager not found
2024-10-21 06:23:27,301 file.ManagerServant INFO Master manager not found
2024-10-21 06:23:37,339 file.ManagerServant INFO Master manager not found
2024-10-21 06:23:47,378 file.ManagerServant INFO Master manager not found
2024-10-21 06:23:57,419 file.ManagerServant INFO Master manager not found
2024-10-21 06:24:07,463 file.ManagerServant INFO Master manager not found
2024-10-21 06:24:17,504 file.ManagerServant INFO Master manager not found
2024-10-21 06:24:27,542 file.ManagerServant INFO Master manager not found
2024-10-21 06:24:37,584 file.ManagerServant INFO Master manager not found
2024-10-21 06:24:47,623 file.ManagerServant INFO Master manager not found
2024-10-21 06:24:57,664 file.ManagerServant INFO Master manager not found
2024-10-21 06:25:07,706 file.ManagerServant INFO Master manager not found
2024-10-21 06:25:17,745 file.ManagerServant INFO Master manager not found
2024-10-21 06:25:27,786 file.ManagerServant INFO Master manager not found
2024-10-21 06:25:37,824 file.ManagerServant INFO Master manager not found
2024-10-21 06:25:47,864 file.ManagerServant INFO Master manager not found
2024-10-21 06:25:57,908 file.ManagerServant INFO Master manager not found
2024-10-21 06:26:07,946 file.ManagerServant INFO Master manager not found
2024-10-21 06:26:17,988 file.ManagerServant INFO Master manager not found
2024-10-21 06:26:28,028 file.ManagerServant INFO Master manager not found
2024-10-21 06:26:38,069 file.ManagerServant INFO Master manager not found
2024-10-21 06:26:48,110 file.ManagerServant INFO Master manager not found
2024-10-21 06:26:58,151 file.ManagerServant INFO Master manager not found
2024-10-21 06:27:08,189 file.ManagerServant INFO Master manager not found
2024-10-21 06:27:18,227 file.ManagerServant INFO Master manager not found
2024-10-21 06:27:28,267 file.ManagerServant INFO Master manager not found
2024-10-21 06:27:38,306 file.ManagerServant INFO Master manager not found
2024-10-21 06:27:48,348 file.ManagerServant INFO Master manager not found
2024-10-21 06:27:58,388 file.ManagerServant INFO Master manager not found
2024-10-21 06:28:08,428 file.ManagerServant INFO Master manager not found
2024-10-21 06:28:18,469 file.ManagerServant INFO Master manager not found
2024-10-21 06:28:28,509 file.ManagerServant INFO Master manager not found
2024-10-21 06:28:38,549 file.ManagerServant INFO Master manager not found
2024-10-21 06:28:48,589 file.ManagerServant INFO Master manager not found
2024-10-21 06:28:58,631 file.ManagerServant INFO Master manager not found
2024-10-21 06:29:08,671 file.ManagerServant INFO Master manager not found
2024-10-21 06:29:18,712 file.ManagerServant INFO Master manager not found
2024-10-21 06:29:28,757 file.ManagerServant INFO Master manager not found
2024-10-21 06:29:38,796 file.ManagerServant INFO Master manager not found
2024-10-21 06:29:48,838 file.ManagerServant INFO Master manager not found
2024-10-21 06:29:58,879 file.ManagerServant INFO Master manager not found
2024-10-21 06:30:08,922 file.ManagerServant INFO Master manager not found
2024-10-21 06:30:18,963 file.ManagerServant INFO Master manager not found
2024-10-21 06:30:29,003 file.ManagerServant INFO Master manager not found
2024-10-21 06:30:39,045 file.ManagerServant INFO Master manager not found
2024-10-21 06:30:49,085 file.ManagerServant INFO Master manager not found
2024-10-21 06:30:59,125 file.ManagerServant INFO Master manager not found
2024-10-21 06:31:09,166 file.ManagerServant INFO Master manager not found
2024-10-21 06:31:19,205 file.ManagerServant INFO Master manager not found
2024-10-21 06:31:29,246 file.ManagerServant INFO Master manager not found
2024-10-21 06:31:39,305 file.ManagerServant INFO Master manager not found
2024-10-21 06:31:49,352 file.ManagerServant INFO Master manager not found
2024-10-21 06:31:59,390 file.ManagerServant INFO Master manager not found
2024-10-21 06:32:09,428 file.ManagerServant INFO Master manager not found
2024-10-21 06:32:19,466 file.ManagerServant INFO Master manager not found
2024-10-21 06:32:29,505 file.ManagerServant INFO Master manager not found
2024-10-21 06:32:39,545 file.ManagerServant INFO Master manager not found
2024-10-21 06:32:49,586 file.ManagerServant INFO Master manager not found
2024-10-21 06:32:59,633 file.ManagerServant INFO Master manager not found
2024-10-21 06:33:09,671 file.ManagerServant INFO Master manager not found
2024-10-21 06:33:19,673 file.ManagerServant INFO Master manager not found
2024-10-21 06:33:29,711 file.ManagerServant INFO Master manager not found
2024-10-21 06:33:39,749 file.ManagerServant INFO Master manager not found
2024-10-21 06:33:49,788 file.ManagerServant INFO Master manager not found
2024-10-21 06:33:59,826 file.ManagerServant INFO Master manager not found
2024-10-21 06:34:09,867 file.ManagerServant INFO Master manager not found
2024-10-21 06:34:19,907 file.ManagerServant INFO Master manager not found
2024-10-21 06:34:30,004 file.ManagerServant INFO Master manager not found
2024-10-21 06:34:40,042 file.ManagerServant INFO Master manager not found
2024-10-21 06:34:50,084 file.ManagerServant INFO Master manager not found
2024-10-21 06:35:00,122 file.ManagerServant INFO Master manager not found
2024-10-21 06:35:10,159 file.ManagerServant INFO Master manager not found
