2024-10-21 04:22:47,681 file.manager INFO 2.0.2
2024-10-21 04:22:47,681 file.manager INFO Copyright (C) 2003-2024, Noriaki Ando and OpenRTM development team,
2024-10-21 04:22:47,681 file.manager INFO   Intelligent Systems Research Institute, AIST,
2024-10-21 04:22:47,681 file.manager INFO Copyright (C) 2024, Noriaki Ando and OpenRTM development team,
2024-10-21 04:22:47,682 file.manager INFO   Industrial Cyber-Physical Research Center, AIST,
2024-10-21 04:22:47,682 file.manager INFO   All right reserved.
2024-10-21 04:22:47,682 file.manager INFO Manager starting.
2024-10-21 04:22:47,682 file.manager INFO Starting local logging.
2024-10-21 04:22:47,687 file.manager.namingmanager INFO NameServer connection succeeded: corba/localhost
2024-10-21 04:22:47,700 file.ManagerServant INFO Master manager not found
2024-10-21 04:22:47,703 file.LocalServiceAdmin INFO All the local services are enabled.
2024-10-21 04:22:47,712 file.manager INFO Component type conf file: mpu6050.conf loaded.
2024-10-21 04:22:47,716 file.ec_base INFO setRate(1000000.000000) done
2024-10-21 04:22:47,716 file.ec_base INFO setRate(1000.000000) done
2024-10-21 04:22:47,718 file.rtobject INFO 1 execution context was created.
2024-10-21 04:22:47,721 file.rtobject INFO Initial active configuration set is default.
2024-10-21 04:22:57,766 file.ManagerServant INFO Master manager not found
2024-10-21 04:23:01,991 file.rtobject ERROR Traceback (most recent call last):
  File "/usr/lib/python3/dist-packages/OpenRTM_aist/DataFlowComponentBase.py", line 123, in on_execute
    ret = self.onExecute(ec_id)
  File "/home/takumi/RTComponent/corba_comp/mpu6050/mpu6050.py", line 438, in onExecute
    self._d_out.data[7]=time_end-time_sta
IndexError: list assignment index out of range

2024-10-21 04:23:06,091 file.ec_worker ERROR State of the RTC is not ACTIVE_STATE.
2024-10-21 04:23:07,810 file.ManagerServant INFO Master manager not found
2024-10-21 04:23:17,851 file.ManagerServant INFO Master manager not found
2024-10-21 04:23:27,890 file.ManagerServant INFO Master manager not found
