2024-10-22 09:41:41,740 file.manager INFO 2.0.2
2024-10-22 09:41:41,740 file.manager INFO Copyright (C) 2003-2024, Noriaki Ando and OpenRTM development team,
2024-10-22 09:41:41,741 file.manager INFO   Intelligent Systems Research Institute, AIST,
2024-10-22 09:41:41,741 file.manager INFO Copyright (C) 2024, Noriaki Ando and OpenRTM development team,
2024-10-22 09:41:41,741 file.manager INFO   Industrial Cyber-Physical Research Center, AIST,
2024-10-22 09:41:41,741 file.manager INFO   All right reserved.
2024-10-22 09:41:41,741 file.manager INFO Manager starting.
2024-10-22 09:41:41,741 file.manager INFO Starting local logging.
2024-10-22 09:41:41,746 file.manager.namingmanager INFO NameServer connection succeeded: corba/localhost
2024-10-22 09:41:41,759 file.ManagerServant INFO Master manager not found
2024-10-22 09:41:41,762 file.LocalServiceAdmin INFO All the local services are enabled.
2024-10-22 09:41:41,772 file.manager INFO Component type conf file: mpu6050.conf loaded.
2024-10-22 09:41:41,775 file.ec_base INFO setRate(1000000.000000) done
2024-10-22 09:41:41,776 file.ec_base INFO setRate(1000.000000) done
2024-10-22 09:41:41,778 file.rtobject INFO 1 execution context was created.
2024-10-22 09:41:41,780 file.rtobject INFO Initial active configuration set is default.
2024-10-22 09:41:51,826 file.ManagerServant INFO Master manager not found
2024-10-22 09:42:01,867 file.ManagerServant INFO Master manager not found
2024-10-22 09:42:11,907 file.ManagerServant INFO Master manager not found
2024-10-22 09:42:21,944 file.ManagerServant INFO Master manager not found
2024-10-22 09:42:31,985 file.ManagerServant INFO Master manager not found
2024-10-22 09:42:42,022 file.ManagerServant INFO Master manager not found
2024-10-22 09:42:52,065 file.ManagerServant INFO Master manager not found
2024-10-22 09:43:02,080 file.ManagerServant INFO Master manager not found
2024-10-22 09:43:12,092 file.ManagerServant INFO Master manager not found
2024-10-22 09:43:22,131 file.ManagerServant INFO Master manager not found
2024-10-22 09:43:32,139 file.ManagerServant INFO Master manager not found
2024-10-22 09:43:42,168 file.ManagerServant INFO Master manager not found
2024-10-22 09:43:52,192 file.ManagerServant INFO Master manager not found
2024-10-22 09:43:54,731 file.ec_worker ERROR State of the RTC is not INACTIVE_STATE.
2024-10-22 09:44:02,291 file.ManagerServant INFO Master manager not found
2024-10-22 09:44:12,314 file.ManagerServant INFO Master manager not found
2024-10-22 09:44:22,316 file.ManagerServant INFO Master manager not found
2024-10-22 09:44:32,377 file.ManagerServant INFO Master manager not found
2024-10-22 09:44:42,419 file.ManagerServant INFO Master manager not found
2024-10-22 09:44:52,450 file.ManagerServant INFO Master manager not found
2024-10-22 09:45:02,476 file.ManagerServant INFO Master manager not found
2024-10-22 09:45:12,495 file.ManagerServant INFO Master manager not found
2024-10-22 09:45:22,535 file.ManagerServant INFO Master manager not found
2024-10-22 09:45:32,568 file.ManagerServant INFO Master manager not found
2024-10-22 09:45:42,613 file.ManagerServant INFO Master manager not found
2024-10-22 09:45:52,651 file.ManagerServant INFO Master manager not found
2024-10-22 09:46:02,678 file.ManagerServant INFO Master manager not found
2024-10-22 09:46:12,700 file.ManagerServant INFO Master manager not found
2024-10-22 09:46:22,769 file.ManagerServant INFO Master manager not found
2024-10-22 09:46:32,797 file.ManagerServant INFO Master manager not found
