2024-10-22 09:46:59,375 file.manager INFO 2.0.2
2024-10-22 09:46:59,375 file.manager INFO Copyright (C) 2003-2024, Noriaki Ando and OpenRTM development team,
2024-10-22 09:46:59,376 file.manager INFO   Intelligent Systems Research Institute, AIST,
2024-10-22 09:46:59,376 file.manager INFO Copyright (C) 2024, Noriaki Ando and OpenRTM development team,
2024-10-22 09:46:59,376 file.manager INFO   Industrial Cyber-Physical Research Center, AIST,
2024-10-22 09:46:59,376 file.manager INFO   All right reserved.
2024-10-22 09:46:59,376 file.manager INFO Manager starting.
2024-10-22 09:46:59,376 file.manager INFO Starting local logging.
2024-10-22 09:46:59,382 file.manager.namingmanager INFO NameServer connection succeeded: corba/localhost
2024-10-22 09:46:59,395 file.ManagerServant INFO Master manager not found
2024-10-22 09:46:59,398 file.LocalServiceAdmin INFO All the local services are enabled.
2024-10-22 09:46:59,408 file.manager INFO Component type conf file: mpu6050.conf loaded.
2024-10-22 09:46:59,414 file.ec_base INFO setRate(1000000.000000) done
2024-10-22 09:46:59,414 file.ec_base INFO setRate(1000.000000) done
2024-10-22 09:46:59,417 file.rtobject INFO 1 execution context was created.
2024-10-22 09:46:59,421 file.rtobject INFO Initial active configuration set is default.
2024-10-22 09:47:09,467 file.ManagerServant INFO Master manager not found
2024-10-22 09:47:12,957 file.SdoServiceAdmin WARNING No available SDO service in the factory: 
2024-10-22 09:47:12,957 file.SdoServiceAdmin ERROR type  not exists.
2024-10-22 09:47:19,508 file.ManagerServant INFO Master manager not found
2024-10-22 09:47:29,566 file.ManagerServant INFO Master manager not found
2024-10-22 09:47:39,625 file.ManagerServant INFO Master manager not found
2024-10-22 09:47:49,644 file.ManagerServant INFO Master manager not found
2024-10-22 09:47:59,694 file.ManagerServant INFO Master manager not found
2024-10-22 09:48:09,740 file.ManagerServant INFO Master manager not found
2024-10-22 09:48:19,812 file.ManagerServant INFO Master manager not found
2024-10-22 09:48:29,829 file.ManagerServant INFO Master manager not found
2024-10-22 09:48:39,838 file.ManagerServant INFO Master manager not found
2024-10-22 09:48:49,843 file.ManagerServant INFO Master manager not found
2024-10-22 09:48:53,836 file.ec_worker ERROR State of the RTC is not INACTIVE_STATE.
2024-10-22 09:48:59,906 file.ManagerServant INFO Master manager not found
2024-10-22 09:49:09,960 file.ManagerServant INFO Master manager not found
2024-10-22 09:49:19,990 file.ManagerServant INFO Master manager not found
2024-10-22 09:49:30,031 file.ManagerServant INFO Master manager not found
2024-10-22 09:49:40,057 file.ManagerServant INFO Master manager not found
2024-10-22 09:49:50,067 file.ManagerServant INFO Master manager not found
2024-10-22 09:50:00,112 file.ManagerServant INFO Master manager not found
2024-10-22 09:50:01,796 file.InPortCorbaCdrConsumer ERROR Traceback (most recent call last):
  File "/usr/lib/python3/dist-packages/OpenRTM_aist/InPortCorbaCdrConsumer.py", line 159, in put
    return self.convertReturnCode(inportcdr.put(data))
  File "/usr/lib/python3/dist-packages/OpenRTM_aist/RTM_IDL/DataPort_OpenRTM_idl.py", line 79, in put
    return self._obj.invoke("put", _0_OpenRTM.InPortCdr._d_put, args)
omniORB.CORBA._omni_sys_exc: CORBA.OBJECT_NOT_EXIST(omniORB.OBJECT_NOT_EXIST_NoMatch, CORBA.COMPLETED_NO)

2024-10-22 09:50:01,797 file.out ERROR Invalid connector id: 75d54866-9052-11ef-a386-e45f01b24f7f
2024-10-22 09:50:10,160 file.ManagerServant INFO Master manager not found
2024-10-22 09:50:20,150 file.ManagerServant INFO Master manager not found
2024-10-22 09:50:22,108 file.ec_worker ERROR State of the RTC is not INACTIVE_STATE.
2024-10-22 09:50:30,191 file.ManagerServant INFO Master manager not found
2024-10-22 09:50:40,235 file.ManagerServant INFO Master manager not found
2024-10-22 09:50:50,265 file.ManagerServant INFO Master manager not found
2024-10-22 09:51:00,305 file.ManagerServant INFO Master manager not found
2024-10-22 09:51:10,367 file.ManagerServant INFO Master manager not found
2024-10-22 09:51:20,406 file.ManagerServant INFO Master manager not found
2024-10-22 09:51:30,409 file.ManagerServant INFO Master manager not found
