2024-12-10 04:11:35,574 file.manager INFO 2.0.2
2024-12-10 04:11:35,574 file.manager INFO Copyright (C) 2003-2024, Noriaki Ando and OpenRTM development team,
2024-12-10 04:11:35,574 file.manager INFO   Intelligent Systems Research Institute, AIST,
2024-12-10 04:11:35,575 file.manager INFO Copyright (C) 2024, Noriaki Ando and OpenRTM development team,
2024-12-10 04:11:35,575 file.manager INFO   Industrial Cyber-Physical Research Center, AIST,
2024-12-10 04:11:35,575 file.manager INFO   All right reserved.
2024-12-10 04:11:35,575 file.manager INFO Manager starting.
2024-12-10 04:11:35,575 file.manager INFO Starting local logging.
2024-12-10 04:11:35,580 file.manager.namingmanager INFO NameServer connection succeeded: corba/localhost
2024-12-10 04:11:35,593 file.ManagerServant INFO Master manager not found
2024-12-10 04:11:35,596 file.LocalServiceAdmin INFO All the local services are enabled.
2024-12-10 04:11:35,608 file.manager INFO Component type conf file: mpu6050.conf loaded.
2024-12-10 04:11:35,611 file.ec_base INFO setRate(1000000.000000) done
2024-12-10 04:11:35,612 file.ec_base INFO setRate(1000.000000) done
2024-12-10 04:11:35,614 file.rtobject INFO 1 execution context was created.
2024-12-10 04:11:35,616 file.rtobject INFO Initial active configuration set is default.
2024-12-10 04:11:45,661 file.ManagerServant INFO Master manager not found
2024-12-10 04:11:55,702 file.ManagerServant INFO Master manager not found
2024-12-10 04:12:05,742 file.ManagerServant INFO Master manager not found
2024-12-10 04:12:15,789 file.ManagerServant INFO Master manager not found
2024-12-10 04:12:25,827 file.ManagerServant INFO Master manager not found
2024-12-10 04:12:35,864 file.ManagerServant INFO Master manager not found
2024-12-10 04:12:45,928 file.ManagerServant INFO Master manager not found
2024-12-10 04:12:55,913 file.ManagerServant INFO Master manager not found
2024-12-10 04:13:05,952 file.ManagerServant INFO Master manager not found
2024-12-10 04:13:16,006 file.ManagerServant INFO Master manager not found
2024-12-10 04:13:26,043 file.ManagerServant INFO Master manager not found
2024-12-10 04:13:36,095 file.ManagerServant INFO Master manager not found
2024-12-10 04:13:46,135 file.ManagerServant INFO Master manager not found
2024-12-10 04:13:56,179 file.ManagerServant INFO Master manager not found
2024-12-10 04:14:06,257 file.ManagerServant INFO Master manager not found
2024-12-10 04:14:16,260 file.ManagerServant INFO Master manager not found
2024-12-10 04:14:26,307 file.ManagerServant INFO Master manager not found
2024-12-10 04:14:36,326 file.ManagerServant INFO Master manager not found
2024-12-10 04:14:46,381 file.ManagerServant INFO Master manager not found
2024-12-10 04:14:56,467 file.ManagerServant INFO Master manager not found
2024-12-10 04:15:06,506 file.ManagerServant INFO Master manager not found
2024-12-10 04:15:16,554 file.ManagerServant INFO Master manager not found
2024-12-10 04:15:26,635 file.ManagerServant INFO Master manager not found
2024-12-10 04:15:36,675 file.ManagerServant INFO Master manager not found
2024-12-10 04:15:46,716 file.ManagerServant INFO Master manager not found
2024-12-10 04:15:56,766 file.ManagerServant INFO Master manager not found
2024-12-10 04:16:06,812 file.ManagerServant INFO Master manager not found
2024-12-10 04:16:16,855 file.ManagerServant INFO Master manager not found
2024-12-10 04:16:26,894 file.ManagerServant INFO Master manager not found
2024-12-10 04:16:36,939 file.ManagerServant INFO Master manager not found
2024-12-10 04:16:47,010 file.ManagerServant INFO Master manager not found
2024-12-10 04:16:57,050 file.ManagerServant INFO Master manager not found
2024-12-10 04:17:07,089 file.ManagerServant INFO Master manager not found
2024-12-10 04:17:17,130 file.ManagerServant INFO Master manager not found
2024-12-10 04:17:27,176 file.ManagerServant INFO Master manager not found
2024-12-10 04:17:37,221 file.ManagerServant INFO Master manager not found
2024-12-10 04:17:47,271 file.ManagerServant INFO Master manager not found
2024-12-10 04:17:57,280 file.ManagerServant INFO Master manager not found
2024-12-10 04:18:07,293 file.ManagerServant INFO Master manager not found
2024-12-10 04:18:17,332 file.ManagerServant INFO Master manager not found
2024-12-10 04:18:27,385 file.ManagerServant INFO Master manager not found
2024-12-10 04:18:37,394 file.ManagerServant INFO Master manager not found
2024-12-10 04:18:47,439 file.ManagerServant INFO Master manager not found
2024-12-10 04:18:57,477 file.ManagerServant INFO Master manager not found
2024-12-10 04:19:06,157 file.rtobject ERROR Traceback (most recent call last):
  File "/usr/lib/python3/dist-packages/OpenRTM_aist/DataFlowComponentBase.py", line 123, in on_execute
    ret = self.onExecute(ec_id)
  File "/home/takumi/RTComponent/corba_comp/mpu6050/mpu6050.py", line 425, in onExecute
    accel_data = self.mpu.get_accel_data()
  File "/home/takumi/RTComponent/corba_comp/mpu6050/mpu6050.py", line 183, in get_accel_data
    z = self.read_i2c_word(self.ACCEL_ZOUT0)
  File "/home/takumi/RTComponent/corba_comp/mpu6050/mpu6050.py", line 117, in read_i2c_word
    high = self.bus.read_byte_data(self.address, register)
OSError: [Errno 121] Remote I/O error

2024-12-10 04:19:07,548 file.ManagerServant INFO Master manager not found
2024-12-10 04:19:17,593 file.ManagerServant INFO Master manager not found
2024-12-10 04:19:27,612 file.ManagerServant INFO Master manager not found
2024-12-10 04:19:37,658 file.ManagerServant INFO Master manager not found
2024-12-10 04:19:47,705 file.ManagerServant INFO Master manager not found
2024-12-10 04:19:57,746 file.ManagerServant INFO Master manager not found
2024-12-10 04:20:07,835 file.ManagerServant INFO Master manager not found
2024-12-10 04:20:17,890 file.ManagerServant INFO Master manager not found
2024-12-10 04:20:27,946 file.ManagerServant INFO Master manager not found
2024-12-10 04:20:37,988 file.ManagerServant INFO Master manager not found
2024-12-10 04:20:38,165 file.SdoServiceAdmin WARNING No available SDO service in the factory: 
2024-12-10 04:20:43,353 file.SdoServiceAdmin ERROR type  not exists.
2024-12-10 04:20:43,533 file.ec_worker ERROR State of the RTC is not INACTIVE_STATE.
2024-12-10 04:20:48,072 file.ManagerServant INFO Master manager not found
2024-12-10 04:20:58,111 file.ManagerServant INFO Master manager not found
2024-12-10 04:21:08,149 file.ManagerServant INFO Master manager not found
2024-12-10 04:21:10,501 file.ec_base INFO setRate(1000.000000) done
2024-12-10 04:21:17,253 file.rtobject ERROR Traceback (most recent call last):
  File "/usr/lib/python3/dist-packages/OpenRTM_aist/DataFlowComponentBase.py", line 123, in on_execute
    ret = self.onExecute(ec_id)
  File "/home/takumi/RTComponent/corba_comp/mpu6050/mpu6050.py", line 425, in onExecute
    accel_data = self.mpu.get_accel_data()
  File "/home/takumi/RTComponent/corba_comp/mpu6050/mpu6050.py", line 183, in get_accel_data
    z = self.read_i2c_word(self.ACCEL_ZOUT0)
  File "/home/takumi/RTComponent/corba_comp/mpu6050/mpu6050.py", line 117, in read_i2c_word
    high = self.bus.read_byte_data(self.address, register)
OSError: [Errno 121] Remote I/O error

2024-12-10 04:21:18,154 file.ManagerServant INFO Master manager not found
2024-12-10 04:21:28,169 file.ManagerServant INFO Master manager not found
2024-12-10 04:21:38,212 file.ManagerServant INFO Master manager not found
2024-12-10 04:21:48,218 file.ManagerServant INFO Master manager not found
2024-12-10 04:21:58,265 file.ManagerServant INFO Master manager not found
2024-12-10 04:22:08,305 file.ManagerServant INFO Master manager not found
2024-12-10 04:22:17,770 file.SdoServiceAdmin WARNING No available SDO service in the factory: 
2024-12-10 04:22:17,770 file.SdoServiceAdmin ERROR type  not exists.
2024-12-10 04:22:18,325 file.ManagerServant INFO Master manager not found
2024-12-10 04:22:28,369 file.ManagerServant INFO Master manager not found
2024-12-10 04:22:38,406 file.ManagerServant INFO Master manager not found
2024-12-10 04:22:48,446 file.ManagerServant INFO Master manager not found
2024-12-10 04:22:58,483 file.ManagerServant INFO Master manager not found
2024-12-10 04:23:04,619 file.ec_base INFO setRate(1000.000000) done
2024-12-10 04:23:08,491 file.ManagerServant INFO Master manager not found
2024-12-10 04:23:18,521 file.ManagerServant INFO Master manager not found
2024-12-10 04:23:25,621 file.rtobject ERROR Traceback (most recent call last):
  File "/usr/lib/python3/dist-packages/OpenRTM_aist/DataFlowComponentBase.py", line 123, in on_execute
    ret = self.onExecute(ec_id)
  File "/home/takumi/RTComponent/corba_comp/mpu6050/mpu6050.py", line 425, in onExecute
    accel_data = self.mpu.get_accel_data()
  File "/home/takumi/RTComponent/corba_comp/mpu6050/mpu6050.py", line 183, in get_accel_data
    z = self.read_i2c_word(self.ACCEL_ZOUT0)
  File "/home/takumi/RTComponent/corba_comp/mpu6050/mpu6050.py", line 117, in read_i2c_word
    high = self.bus.read_byte_data(self.address, register)
OSError: [Errno 121] Remote I/O error

2024-12-10 04:23:28,563 file.ManagerServant INFO Master manager not found
2024-12-10 04:23:38,618 file.ManagerServant INFO Master manager not found
2024-12-10 04:23:48,669 file.ManagerServant INFO Master manager not found
2024-12-10 04:23:58,714 file.ManagerServant INFO Master manager not found
2024-12-10 04:24:08,752 file.ManagerServant INFO Master manager not found
2024-12-10 04:24:18,793 file.ManagerServant INFO Master manager not found
2024-12-10 04:24:23,930 file.ec_base INFO setRate(1000.000000) done
2024-12-10 04:24:24,063 file.ec_worker ERROR State of the RTC is not ACTIVE_STATE.
2024-12-10 04:24:26,407 file.ec_worker ERROR State of the RTC is not INACTIVE_STATE.
2024-12-10 04:24:28,855 file.ManagerServant INFO Master manager not found
2024-12-10 04:24:38,956 file.ManagerServant INFO Master manager not found
2024-12-10 04:24:49,003 file.ManagerServant INFO Master manager not found
2024-12-10 04:24:50,861 file.rtobject ERROR Traceback (most recent call last):
  File "/usr/lib/python3/dist-packages/OpenRTM_aist/DataFlowComponentBase.py", line 123, in on_execute
    ret = self.onExecute(ec_id)
  File "/home/takumi/RTComponent/corba_comp/mpu6050/mpu6050.py", line 425, in onExecute
    accel_data = self.mpu.get_accel_data()
  File "/home/takumi/RTComponent/corba_comp/mpu6050/mpu6050.py", line 183, in get_accel_data
    z = self.read_i2c_word(self.ACCEL_ZOUT0)
  File "/home/takumi/RTComponent/corba_comp/mpu6050/mpu6050.py", line 117, in read_i2c_word
    high = self.bus.read_byte_data(self.address, register)
OSError: [Errno 121] Remote I/O error

2024-12-10 04:24:59,096 file.ManagerServant INFO Master manager not found
2024-12-10 04:25:09,143 file.ManagerServant INFO Master manager not found
2024-12-10 04:25:19,196 file.ManagerServant INFO Master manager not found
2024-12-10 04:25:29,237 file.ManagerServant INFO Master manager not found
2024-12-10 04:25:39,254 file.ManagerServant INFO Master manager not found
2024-12-10 04:25:49,297 file.ManagerServant INFO Master manager not found
2024-12-10 04:25:56,332 file.ec_base INFO setRate(1000.000000) done
2024-12-10 04:25:56,950 file.ec_worker ERROR State of the RTC is not ACTIVE_STATE.
2024-12-10 04:25:59,343 file.ManagerServant INFO Master manager not found
2024-12-10 04:26:04,744 file.ec_worker ERROR State of the RTC is not INACTIVE_STATE.
2024-12-10 04:26:09,359 file.ManagerServant INFO Master manager not found
2024-12-10 04:26:19,417 file.ManagerServant INFO Master manager not found
2024-12-10 04:26:21,693 file.rtobject ERROR Traceback (most recent call last):
  File "/usr/lib/python3/dist-packages/OpenRTM_aist/DataFlowComponentBase.py", line 123, in on_execute
    ret = self.onExecute(ec_id)
  File "/home/takumi/RTComponent/corba_comp/mpu6050/mpu6050.py", line 425, in onExecute
    accel_data = self.mpu.get_accel_data()
  File "/home/takumi/RTComponent/corba_comp/mpu6050/mpu6050.py", line 183, in get_accel_data
    z = self.read_i2c_word(self.ACCEL_ZOUT0)
  File "/home/takumi/RTComponent/corba_comp/mpu6050/mpu6050.py", line 117, in read_i2c_word
    high = self.bus.read_byte_data(self.address, register)
OSError: [Errno 121] Remote I/O error

2024-12-10 04:26:29,432 file.ManagerServant INFO Master manager not found
2024-12-10 04:26:39,482 file.ManagerServant INFO Master manager not found
2024-12-10 04:26:49,502 file.ManagerServant INFO Master manager not found
2024-12-10 04:26:59,546 file.ManagerServant INFO Master manager not found
2024-12-10 04:27:09,594 file.ManagerServant INFO Master manager not found
2024-12-10 04:27:19,645 file.ManagerServant INFO Master manager not found
2024-12-10 04:27:29,691 file.ManagerServant INFO Master manager not found
2024-12-10 04:27:39,783 file.ManagerServant INFO Master manager not found
2024-12-10 04:27:49,835 file.ManagerServant INFO Master manager not found
2024-12-10 04:27:59,905 file.ManagerServant INFO Master manager not found
2024-12-10 04:28:09,951 file.ManagerServant INFO Master manager not found
2024-12-10 04:28:19,995 file.ManagerServant INFO Master manager not found
2024-12-10 04:28:30,022 file.ManagerServant INFO Master manager not found
2024-12-10 04:28:40,073 file.ManagerServant INFO Master manager not found
2024-12-10 04:28:50,122 file.ManagerServant INFO Master manager not found
2024-12-10 04:29:00,217 file.ManagerServant INFO Master manager not found
2024-12-10 04:29:10,266 file.ManagerServant INFO Master manager not found
2024-12-10 04:29:20,314 file.ManagerServant INFO Master manager not found
2024-12-10 04:29:30,363 file.ManagerServant INFO Master manager not found
2024-12-10 04:29:40,410 file.ManagerServant INFO Master manager not found
2024-12-10 04:29:50,484 file.ManagerServant INFO Master manager not found
2024-12-10 04:30:00,523 file.ManagerServant INFO Master manager not found
2024-12-10 04:30:10,572 file.ManagerServant INFO Master manager not found
2024-12-10 04:30:20,615 file.ManagerServant INFO Master manager not found
2024-12-10 04:30:30,660 file.ManagerServant INFO Master manager not found
2024-12-10 04:30:40,743 file.ManagerServant INFO Master manager not found
2024-12-10 04:30:50,787 file.ManagerServant INFO Master manager not found
2024-12-10 04:31:00,863 file.ManagerServant INFO Master manager not found
2024-12-10 04:31:10,911 file.ManagerServant INFO Master manager not found
2024-12-10 04:31:20,992 file.ManagerServant INFO Master manager not found
2024-12-10 04:31:31,036 file.ManagerServant INFO Master manager not found
2024-12-10 04:31:41,084 file.ManagerServant INFO Master manager not found
2024-12-10 04:31:51,126 file.ManagerServant INFO Master manager not found
2024-12-10 04:32:01,213 file.ManagerServant INFO Master manager not found
2024-12-10 04:32:11,312 file.ManagerServant INFO Master manager not found
2024-12-10 04:32:21,359 file.ManagerServant INFO Master manager not found
2024-12-10 04:32:31,404 file.ManagerServant INFO Master manager not found
2024-12-10 04:32:41,448 file.ManagerServant INFO Master manager not found
2024-12-10 04:32:51,492 file.ManagerServant INFO Master manager not found
2024-12-10 04:33:01,541 file.ManagerServant INFO Master manager not found
2024-12-10 04:33:11,588 file.ManagerServant INFO Master manager not found
2024-12-10 04:33:21,643 file.ManagerServant INFO Master manager not found
2024-12-10 04:33:31,694 file.ManagerServant INFO Master manager not found
2024-12-10 04:33:41,747 file.ManagerServant INFO Master manager not found
2024-12-10 04:33:51,792 file.ManagerServant INFO Master manager not found
2024-12-10 04:34:01,843 file.ManagerServant INFO Master manager not found
2024-12-10 04:34:11,865 file.ManagerServant INFO Master manager not found
2024-12-10 04:34:21,903 file.ManagerServant INFO Master manager not found
