Nov 11 01:18:24.678 INFO: manager: 2.0.2
Nov 11 01:18:24.679 INFO: manager: Copyright (C) 2003-2024, Noriaki Ando and OpenRTM development team,
Nov 11 01:18:24.679 INFO: manager:   Intelligent Systems Research Institute, AIST,
Nov 11 01:18:24.679 INFO: manager: Copyright (C) 2024, Noriaki Ando and OpenRTM development team,
Nov 11 01:18:24.679 INFO: manager:   Industrial Cyber-Physical Research Center, AIST,
Nov 11 01:18:24.679 INFO: manager:   All right reserved.
Nov 11 01:18:24.679 INFO: manager: Manager starting.
Nov 11 01:18:24.679 INFO: manager: Starting local logging.
Nov 11 01:18:24.695 WARNING: NamingOnCorba: No endpoint for the CORBA naming service (localhost) was found.
Nov 11 01:18:24.695 INFO: NamingManager: NameServer connection succeeded: corba/localhost
Nov 11 01:18:24.696 INFO: ManagerServant: Named manager reference (INS) was successfully created.
Nov 11 01:18:24.698 WARNING: ManagerServant: Master manager not found
Nov 11 01:18:24.700 INFO: LocalServiceAdmin: All the local services are enabled.
Nov 11 01:18:24.702 INFO: ec_base: setRate(1000000.000000) done
Nov 11 01:18:24.702 INFO: ec_base: setRate(1000.000000) done
Nov 11 01:18:24.702 INFO: reel_ssm0: 1 execution context was created.
Nov 11 01:18:24.703 INFO: reel_ssm0: Initial active configuration set is default.
Nov 11 01:18:34.715 INFO: ManagerServant: Master manager not found
Nov 11 01:18:44.724 INFO: ManagerServant: Master manager not found
Nov 11 01:18:54.732 INFO: ManagerServant: Master manager not found
Nov 11 01:19:04.739 INFO: ManagerServant: Master manager not found
Nov 11 01:19:14.747 INFO: ManagerServant: Master manager not found
Nov 11 01:19:24.754 INFO: ManagerServant: Master manager not found
Nov 11 01:19:34.762 INFO: ManagerServant: Master manager not found
Nov 11 01:19:44.769 INFO: ManagerServant: Master manager not found
Nov 11 01:19:54.777 INFO: ManagerServant: Master manager not found
Nov 11 01:20:04.784 INFO: ManagerServant: Master manager not found
Nov 11 01:20:14.792 INFO: ManagerServant: Master manager not found
Nov 11 01:20:24.803 INFO: ManagerServant: Master manager not found
Nov 11 01:20:34.811 INFO: ManagerServant: Master manager not found
Nov 11 01:20:44.819 INFO: ManagerServant: Master manager not found
Nov 11 01:20:54.828 INFO: ManagerServant: Master manager not found
Nov 11 01:21:04.836 INFO: ManagerServant: Master manager not found
Nov 11 01:21:14.845 INFO: ManagerServant: Master manager not found
Nov 11 01:21:24.853 INFO: ManagerServant: Master manager not found
Nov 11 01:21:34.860 INFO: ManagerServant: Master manager not found
Nov 11 01:21:44.868 INFO: ManagerServant: Master manager not found
Nov 11 01:21:54.876 INFO: ManagerServant: Master manager not found
Nov 11 01:22:04.884 INFO: ManagerServant: Master manager not found
Nov 11 01:22:14.896 INFO: ManagerServant: Master manager not found
Nov 11 01:22:24.903 INFO: ManagerServant: Master manager not found
Nov 11 01:22:34.912 INFO: ManagerServant: Master manager not found
Nov 11 01:22:44.914 INFO: ManagerServant: Master manager not found
Nov 11 01:22:54.921 INFO: ManagerServant: Master manager not found
Nov 11 01:23:04.928 INFO: ManagerServant: Master manager not found
Nov 11 01:23:14.936 INFO: ManagerServant: Master manager not found
Nov 11 01:23:24.943 INFO: ManagerServant: Master manager not found
Nov 11 01:23:34.951 INFO: ManagerServant: Master manager not found
Nov 11 01:23:44.958 INFO: ManagerServant: Master manager not found
Nov 11 01:23:54.967 INFO: ManagerServant: Master manager not found
Nov 11 01:24:04.973 INFO: ManagerServant: Master manager not found
Nov 11 01:24:14.981 INFO: ManagerServant: Master manager not found
Nov 11 01:24:24.988 INFO: ManagerServant: Master manager not found
Nov 11 01:24:34.997 INFO: ManagerServant: Master manager not found
Nov 11 01:24:45.004 INFO: ManagerServant: Master manager not found
Nov 11 01:24:55.013 INFO: ManagerServant: Master manager not found
Nov 11 01:25:05.020 INFO: ManagerServant: Master manager not found
Nov 11 01:25:15.028 INFO: ManagerServant: Master manager not found
Nov 11 01:25:25.036 INFO: ManagerServant: Master manager not found
Nov 11 01:25:35.044 INFO: ManagerServant: Master manager not found
Nov 11 01:25:45.051 INFO: ManagerServant: Master manager not found
Nov 11 01:25:55.061 INFO: ManagerServant: Master manager not found
Nov 11 01:26:05.069 INFO: ManagerServant: Master manager not found
Nov 11 01:26:15.077 INFO: ManagerServant: Master manager not found
Nov 11 01:26:25.084 INFO: ManagerServant: Master manager not found
Nov 11 01:26:35.094 INFO: ManagerServant: Master manager not found
Nov 11 01:26:45.101 INFO: ManagerServant: Master manager not found
Nov 11 01:26:46.700 INFO: ec_base: setRate(1000.000000) done
Nov 11 01:26:55.109 INFO: ManagerServant: Master manager not found
Nov 11 01:27:05.115 INFO: ManagerServant: Master manager not found
Nov 11 01:27:15.124 INFO: ManagerServant: Master manager not found
Nov 11 01:27:25.135 INFO: ManagerServant: Master manager not found
