Oct 23 05:05:47.488 INFO: manager: 2.0.2
Oct 23 05:05:47.488 INFO: manager: Copyright (C) 2003-2024, Noriaki Ando and OpenRTM development team,
Oct 23 05:05:47.488 INFO: manager:   Intelligent Systems Research Institute, AIST,
Oct 23 05:05:47.488 INFO: manager: Copyright (C) 2024, Noriaki Ando and OpenRTM development team,
Oct 23 05:05:47.488 INFO: manager:   Industrial Cyber-Physical Research Center, AIST,
Oct 23 05:05:47.488 INFO: manager:   All right reserved.
Oct 23 05:05:47.488 INFO: manager: Manager starting.
Oct 23 05:05:47.488 INFO: manager: Starting local logging.
Oct 23 05:05:47.503 WARNING: NamingOnCorba: No endpoint for the CORBA naming service (localhost) was found.
Oct 23 05:05:47.503 INFO: NamingManager: NameServer connection succeeded: corba/localhost
Oct 23 05:05:47.504 INFO: ManagerServant: Named manager reference (INS) was successfully created.
Oct 23 05:05:47.505 WARNING: ManagerServant: Master manager not found
Oct 23 05:05:47.507 INFO: LocalServiceAdmin: All the local services are enabled.
Oct 23 05:05:47.509 INFO: ec_base: setRate(1000000.000000) done
Oct 23 05:05:47.509 INFO: ec_base: setRate(1000.000000) done
Oct 23 05:05:47.509 INFO: Input_m1_ssm0: 1 execution context was created.
Oct 23 05:05:47.510 INFO: Input_m1_ssm0: Initial active configuration set is default.
Oct 23 05:05:57.521 INFO: ManagerServant: Master manager not found
Oct 23 05:06:06.702 WARNING: SdoServiceAdmin: No available SDO service in the factory: 
Oct 23 05:06:07.528 INFO: ManagerServant: Master manager not found
Oct 23 05:06:17.537 INFO: ManagerServant: Master manager not found
Oct 23 05:06:27.545 INFO: ManagerServant: Master manager not found
Oct 23 05:06:37.553 INFO: ManagerServant: Master manager not found
Oct 23 05:06:47.561 INFO: ManagerServant: Master manager not found
Oct 23 05:06:57.569 INFO: ManagerServant: Master manager not found
Oct 23 05:07:07.577 INFO: ManagerServant: Master manager not found
Oct 23 05:07:17.585 INFO: ManagerServant: Master manager not found
Oct 23 05:07:27.594 INFO: ManagerServant: Master manager not found
Oct 23 05:07:37.602 INFO: ManagerServant: Master manager not found
